0 verbose cli /data/data/com.termux/files/usr/bin/node /data/data/com.termux/files/usr/bin/npm
1 info using npm@11.17.0
2 info using node@v26.3.1
3 silly config load:file:/data/data/com.termux/files/usr/lib/node_modules/npm/npmrc
4 silly config load:file:/data/data/com.termux/files/home/tarar-website/.npmrc
5 silly config load:file:/data/data/com.termux/files/home/.npmrc
6 silly config load:file:/data/data/com.termux/files/usr/etc/npmrc
7 verbose title npm install
8 verbose argv "install"
9 verbose logfile logs-max:10 dir:/data/data/com.termux/files/home/.npm/_logs/2026-07-11T16_05_28_279Z-
10 verbose logfile /data/data/com.termux/files/home/.npm/_logs/2026-07-11T16_05_28_279Z-debug-0.log
11 silly logfile start cleaning logs, removing 1 files
12 silly logfile done cleaning log files
13 silly packumentCache heap:1099169792 maxSize:274792448 maxEntrySize:137396224
14 silly idealTree buildDeps
15 silly fetch manifest express@^4.19.2
16 silly packumentCache full:https://registry.npmjs.org/express cache-miss
17 http fetch GET 200 https://registry.npmjs.org/express 718ms (cache revalidated)
18 silly packumentCache full:https://registry.npmjs.org/express set size:804933 disposed:false
19 silly fetch manifest cors@^2.8.5
20 silly packumentCache full:https://registry.npmjs.org/cors cache-miss
21 http fetch GET 200 https://registry.npmjs.org/cors 175ms (cache revalidated)
22 silly packumentCache full:https://registry.npmjs.org/cors set size:77956 disposed:false
23 silly fetch manifest multer@^1.4.5-lts.1
24 silly packumentCache full:https://registry.npmjs.org/multer cache-miss
25 http fetch GET 200 https://registry.npmjs.org/multer 197ms (cache revalidated)
26 silly packumentCache full:https://registry.npmjs.org/multer set size:156441 disposed:false
27 silly fetch manifest uuid@^9.0.1
28 silly packumentCache full:https://registry.npmjs.org/uuid cache-miss
29 http fetch GET 200 https://registry.npmjs.org/uuid 125ms (cache revalidated)
30 silly packumentCache full:https://registry.npmjs.org/uuid set size:256419 disposed:false
31 silly placeDep ROOT cors@2.8.6 OK for: tarar-menswear-backend@1.0.0 want: ^2.8.5
32 silly placeDep ROOT express@4.22.2 OK for: tarar-menswear-backend@1.0.0 want: ^4.19.2
33 silly placeDep ROOT multer@1.4.5-lts.2 OK for: tarar-menswear-backend@1.0.0 want: ^1.4.5-lts.1
34 silly placeDep ROOT uuid@9.0.1 OK for: tarar-menswear-backend@1.0.0 want: ^9.0.1
35 silly fetch manifest object-assign@^4
36 silly packumentCache full:https://registry.npmjs.org/object-assign cache-miss
37 silly fetch manifest vary@^1
38 silly packumentCache full:https://registry.npmjs.org/vary cache-miss
39 silly fetch manifest qs@~6.15.1
40 silly packumentCache full:https://registry.npmjs.org/qs cache-miss
41 silly fetch manifest depd@2.0.0
42 silly packumentCache full:https://registry.npmjs.org/depd cache-miss
43 silly fetch manifest etag@~1.8.1
44 silly packumentCache full:https://registry.npmjs.org/etag cache-miss
45 silly fetch manifest send@~0.19.0
46 silly packumentCache full:https://registry.npmjs.org/send cache-miss
47 silly fetch manifest vary@~1.1.2
48 silly packumentCache full:https://registry.npmjs.org/vary cache-miss
49 http fetch GET 200 https://registry.npmjs.org/vary 490ms (cache revalidated)
50 silly packumentCache full:https://registry.npmjs.org/vary set size:15994 disposed:false
51 silly fetch manifest debug@2.6.9
52 silly packumentCache full:https://registry.npmjs.org/debug cache-miss
53 http fetch GET 200 https://registry.npmjs.org/vary 583ms (cache revalidated)
54 silly packumentCache full:https://registry.npmjs.org/vary set size:15994 disposed:false
55 silly packumentCache full:https://registry.npmjs.org/vary dispose
56 silly fetch manifest fresh@~0.5.2
57 silly packumentCache full:https://registry.npmjs.org/fresh cache-miss
58 http fetch GET 200 https://registry.npmjs.org/object-assign 646ms (cache revalidated)
59 silly packumentCache full:https://registry.npmjs.org/object-assign set size:28988 disposed:false
60 silly fetch manifest cookie@~0.7.1
61 silly packumentCache full:https://registry.npmjs.org/cookie cache-miss
62 http fetch GET 200 https://registry.npmjs.org/etag 664ms (cache revalidated)
63 silly packumentCache full:https://registry.npmjs.org/etag set size:30032 disposed:false
64 silly fetch manifest accepts@~1.3.8
65 silly packumentCache full:https://registry.npmjs.org/accepts cache-miss
66 http fetch GET 200 https://registry.npmjs.org/depd 705ms (cache revalidated)
67 silly packumentCache full:https://registry.npmjs.org/depd set size:40182 disposed:false
68 silly fetch manifest methods@~1.1.2
69 silly packumentCache full:https://registry.npmjs.org/methods cache-miss
70 http fetch GET 200 https://registry.npmjs.org/send 718ms (cache revalidated)
71 silly packumentCache full:https://registry.npmjs.org/send set size:152810 disposed:false
72 silly fetch manifest type-is@~1.6.18
73 silly packumentCache full:https://registry.npmjs.org/type-is cache-miss
74 http fetch GET 200 https://registry.npmjs.org/qs 886ms (cache revalidated)
75 silly packumentCache full:https://registry.npmjs.org/qs set size:360318 disposed:false
76 silly fetch manifest parseurl@~1.3.3
77 silly packumentCache full:https://registry.npmjs.org/parseurl cache-miss
78 http fetch GET 200 https://registry.npmjs.org/fresh 323ms (cache revalidated)
79 silly packumentCache full:https://registry.npmjs.org/fresh set size:25427 disposed:false
80 silly fetch manifest statuses@~2.0.1
81 silly packumentCache full:https://registry.npmjs.org/statuses cache-miss
82 http fetch GET 200 https://registry.npmjs.org/cookie 323ms (cache revalidated)
83 silly packumentCache full:https://registry.npmjs.org/cookie set size:78274 disposed:false
84 silly fetch manifest encodeurl@~2.0.0
85 silly packumentCache full:https://registry.npmjs.org/encodeurl cache-miss
86 http fetch GET 200 https://registry.npmjs.org/methods 275ms (cache revalidated)
87 silly packumentCache full:https://registry.npmjs.org/methods set size:12600 disposed:false
88 silly fetch manifest proxy-addr@~2.0.7
89 silly packumentCache full:https://registry.npmjs.org/proxy-addr cache-miss
90 http fetch GET 200 https://registry.npmjs.org/accepts 349ms (cache revalidated)
91 silly packumentCache full:https://registry.npmjs.org/accepts set size:77054 disposed:false
92 silly fetch manifest body-parser@~1.20.5
93 silly packumentCache full:https://registry.npmjs.org/body-parser cache-miss
94 http fetch GET 200 https://registry.npmjs.org/type-is 297ms (cache revalidated)
95 silly packumentCache full:https://registry.npmjs.org/type-is set size:88614 disposed:false
96 silly fetch manifest escape-html@~1.0.3
97 silly packumentCache full:https://registry.npmjs.org/escape-html cache-miss
98 http fetch GET 200 https://registry.npmjs.org/debug 609ms (cache revalidated)
99 silly packumentCache full:https://registry.npmjs.org/debug set size:195840 disposed:false
100 silly fetch manifest http-errors@~2.0.0
101 silly packumentCache full:https://registry.npmjs.org/http-errors cache-miss
102 http fetch GET 200 https://registry.npmjs.org/parseurl 322ms (cache revalidated)
103 silly packumentCache full:https://registry.npmjs.org/parseurl set size:24148 disposed:false
104 silly fetch manifest on-finished@~2.4.1
105 silly packumentCache full:https://registry.npmjs.org/on-finished cache-miss
106 http fetch GET 200 https://registry.npmjs.org/encodeurl 346ms (cache revalidated)
107 silly packumentCache full:https://registry.npmjs.org/encodeurl set size:12296 disposed:false
108 silly fetch manifest safe-buffer@5.2.1
109 silly packumentCache full:https://registry.npmjs.org/safe-buffer cache-miss
110 http fetch GET 200 https://registry.npmjs.org/statuses 392ms (cache revalidated)
111 silly packumentCache full:https://registry.npmjs.org/statuses set size:37117 disposed:false
112 silly fetch manifest utils-merge@1.0.1
113 silly packumentCache full:https://registry.npmjs.org/utils-merge cache-miss
114 http fetch GET 200 https://registry.npmjs.org/proxy-addr 368ms (cache revalidated)
115 silly packumentCache full:https://registry.npmjs.org/proxy-addr set size:61619 disposed:false
116 silly fetch manifest content-type@~1.0.4
117 silly packumentCache full:https://registry.npmjs.org/content-type cache-miss
118 http fetch GET 200 https://registry.npmjs.org/body-parser 348ms (cache revalidated)
119 silly packumentCache full:https://registry.npmjs.org/body-parser set size:204544 disposed:false
120 silly fetch manifest finalhandler@~1.3.1
121 silly packumentCache full:https://registry.npmjs.org/finalhandler cache-miss
122 http fetch GET 200 https://registry.npmjs.org/escape-html 370ms (cache revalidated)
123 silly packumentCache full:https://registry.npmjs.org/escape-html set size:7345 disposed:false
124 silly fetch manifest range-parser@~1.2.1
125 silly packumentCache full:https://registry.npmjs.org/range-parser cache-miss
126 http fetch GET 200 https://registry.npmjs.org/safe-buffer 263ms (cache revalidated)
127 silly packumentCache full:https://registry.npmjs.org/safe-buffer set size:41183 disposed:false
128 silly fetch manifest serve-static@~1.16.2
129 silly packumentCache full:https://registry.npmjs.org/serve-static cache-miss
130 http fetch GET 200 https://registry.npmjs.org/on-finished 356ms (cache revalidated)
131 silly packumentCache full:https://registry.npmjs.org/on-finished set size:23212 disposed:false
132 silly fetch manifest array-flatten@1.1.1
133 silly packumentCache full:https://registry.npmjs.org/array-flatten cache-miss
134 http fetch GET 200 https://registry.npmjs.org/http-errors 496ms (cache revalidated)
135 silly packumentCache full:https://registry.npmjs.org/http-errors set size:71987 disposed:false
136 silly fetch manifest path-to-regexp@~0.1.12
137 silly packumentCache full:https://registry.npmjs.org/path-to-regexp cache-miss
138 http fetch GET 200 https://registry.npmjs.org/content-type 290ms (cache revalidated)
139 silly packumentCache full:https://registry.npmjs.org/content-type set size:18994 disposed:false
140 silly fetch manifest setprototypeof@1.2.0
141 silly packumentCache full:https://registry.npmjs.org/setprototypeof cache-miss
142 http fetch GET 200 https://registry.npmjs.org/range-parser 238ms (cache revalidated)
143 silly packumentCache full:https://registry.npmjs.org/range-parser set size:24852 disposed:false
144 silly fetch manifest cookie-signature@~1.0.6
145 silly packumentCache full:https://registry.npmjs.org/cookie-signature cache-miss
146 http fetch GET 200 https://registry.npmjs.org/finalhandler 284ms (cache revalidated)
147 silly packumentCache full:https://registry.npmjs.org/finalhandler set size:79291 disposed:false
148 silly fetch manifest merge-descriptors@1.0.3
149 silly packumentCache full:https://registry.npmjs.org/merge-descriptors cache-miss
150 http fetch GET 200 https://registry.npmjs.org/utils-merge 392ms (cache revalidated)
151 silly packumentCache full:https://registry.npmjs.org/utils-merge set size:5237 disposed:false
152 silly fetch manifest content-disposition@~0.5.4
153 silly packumentCache full:https://registry.npmjs.org/content-disposition cache-miss
154 http fetch GET 200 https://registry.npmjs.org/serve-static 329ms (cache revalidated)
155 silly packumentCache full:https://registry.npmjs.org/serve-static set size:150391 disposed:false
156 silly fetch manifest xtend@^4.0.0
157 silly packumentCache full:https://registry.npmjs.org/xtend cache-miss
158 http fetch GET 200 https://registry.npmjs.org/array-flatten 348ms (cache revalidated)
159 silly packumentCache full:https://registry.npmjs.org/array-flatten set size:24005 disposed:false
160 silly fetch manifest busboy@^1.0.0
161 silly packumentCache full:https://registry.npmjs.org/busboy cache-miss
162 http fetch GET 200 https://registry.npmjs.org/path-to-regexp 388ms (cache revalidated)
163 silly packumentCache full:https://registry.npmjs.org/path-to-regexp set size:216334 disposed:false
164 silly fetch manifest mkdirp@^0.5.4
165 silly packumentCache full:https://registry.npmjs.org/mkdirp cache-miss
166 http fetch GET 200 https://registry.npmjs.org/setprototypeof 403ms (cache revalidated)
167 silly packumentCache full:https://registry.npmjs.org/setprototypeof set size:14532 disposed:false
168 silly fetch manifest type-is@^1.6.4
169 silly packumentCache full:https://registry.npmjs.org/type-is cache-hit
170 silly fetch manifest append-field@^1.0.0
171 silly packumentCache full:https://registry.npmjs.org/append-field cache-miss
172 http fetch GET 200 https://registry.npmjs.org/cookie-signature 403ms (cache revalidated)
173 silly packumentCache full:https://registry.npmjs.org/cookie-signature set size:21777 disposed:false
174 silly fetch manifest concat-stream@^1.5.2
175 silly packumentCache full:https://registry.npmjs.org/concat-stream cache-miss
176 http fetch GET 200 https://registry.npmjs.org/merge-descriptors 411ms (cache revalidated)
177 silly packumentCache full:https://registry.npmjs.org/merge-descriptors set size:16527 disposed:false
178 silly fetch manifest object-assign@^4.1.1
179 silly packumentCache full:https://registry.npmjs.org/object-assign cache-hit
180 http fetch GET 200 https://registry.npmjs.org/content-disposition 414ms (cache revalidated)
181 silly packumentCache full:https://registry.npmjs.org/content-disposition set size:42862 disposed:false
182 http fetch GET 200 https://registry.npmjs.org/append-field 237ms (cache revalidated)
183 silly packumentCache full:https://registry.npmjs.org/append-field set size:7798 disposed:false
184 http fetch GET 200 https://registry.npmjs.org/busboy 386ms (cache revalidated)
185 silly packumentCache full:https://registry.npmjs.org/busboy set size:78901 disposed:false
186 http fetch GET 200 https://registry.npmjs.org/mkdirp 330ms (cache revalidated)
187 silly packumentCache full:https://registry.npmjs.org/mkdirp set size:116431 disposed:false
188 http fetch GET 200 https://registry.npmjs.org/xtend 622ms (cache revalidated)
189 silly packumentCache full:https://registry.npmjs.org/xtend set size:28314 disposed:false
190 http fetch GET 200 https://registry.npmjs.org/concat-stream 480ms (cache revalidated)
191 silly packumentCache full:https://registry.npmjs.org/concat-stream set size:63783 disposed:false
192 silly placeDep ROOT object-assign@4.1.1 OK for: cors@2.8.6 want: ^4
193 silly placeDep ROOT vary@1.1.2 OK for: cors@2.8.6 want: ^1
194 silly placeDep ROOT accepts@1.3.8 OK for: express@4.22.2 want: ~1.3.8
195 silly placeDep ROOT array-flatten@1.1.1 OK for: express@4.22.2 want: 1.1.1
196 silly placeDep ROOT body-parser@1.20.6 OK for: express@4.22.2 want: ~1.20.5
197 silly placeDep ROOT content-disposition@0.5.4 OK for: express@4.22.2 want: ~0.5.4
198 silly placeDep ROOT content-type@1.0.5 OK for: express@4.22.2 want: ~1.0.4
199 silly placeDep ROOT cookie@0.7.2 OK for: express@4.22.2 want: ~0.7.1
200 silly placeDep ROOT cookie-signature@1.0.7 OK for: express@4.22.2 want: ~1.0.6
201 silly placeDep ROOT debug@2.6.9 OK for: express@4.22.2 want: 2.6.9
202 silly placeDep ROOT depd@2.0.0 OK for: express@4.22.2 want: 2.0.0
203 silly placeDep ROOT encodeurl@2.0.0 OK for: express@4.22.2 want: ~2.0.0
204 silly placeDep ROOT escape-html@1.0.3 OK for: express@4.22.2 want: ~1.0.3
205 silly placeDep ROOT etag@1.8.1 OK for: express@4.22.2 want: ~1.8.1
206 silly placeDep ROOT finalhandler@1.3.2 OK for: express@4.22.2 want: ~1.3.1
207 silly placeDep ROOT fresh@0.5.2 OK for: express@4.22.2 want: ~0.5.2
208 silly placeDep ROOT http-errors@2.0.1 OK for: express@4.22.2 want: ~2.0.0
209 silly placeDep ROOT merge-descriptors@1.0.3 OK for: express@4.22.2 want: 1.0.3
210 silly placeDep ROOT methods@1.1.2 OK for: express@4.22.2 want: ~1.1.2
211 silly placeDep ROOT on-finished@2.4.1 OK for: express@4.22.2 want: ~2.4.1
212 silly placeDep ROOT parseurl@1.3.3 OK for: express@4.22.2 want: ~1.3.3
213 silly placeDep ROOT path-to-regexp@0.1.13 OK for: express@4.22.2 want: ~0.1.12
214 silly placeDep ROOT proxy-addr@2.0.7 OK for: express@4.22.2 want: ~2.0.7
215 silly placeDep ROOT qs@6.15.3 OK for: express@4.22.2 want: ~6.15.1
216 silly placeDep ROOT range-parser@1.2.1 OK for: express@4.22.2 want: ~1.2.1
217 silly placeDep ROOT safe-buffer@5.2.1 OK for: express@4.22.2 want: 5.2.1
218 silly placeDep ROOT send@0.19.2 OK for: express@4.22.2 want: ~0.19.0
219 silly placeDep ROOT serve-static@1.16.3 OK for: express@4.22.2 want: ~1.16.2
220 silly placeDep ROOT setprototypeof@1.2.0 OK for: express@4.22.2 want: 1.2.0
221 silly placeDep ROOT statuses@2.0.2 OK for: express@4.22.2 want: ~2.0.1
222 silly placeDep ROOT type-is@1.6.18 OK for: express@4.22.2 want: ~1.6.18
223 silly placeDep ROOT utils-merge@1.0.1 OK for: express@4.22.2 want: 1.0.1
224 silly fetch manifest mime-types@~2.1.34
225 silly packumentCache full:https://registry.npmjs.org/mime-types cache-miss
226 silly fetch manifest negotiator@0.6.3
227 silly packumentCache full:https://registry.npmjs.org/negotiator cache-miss
228 silly fetch manifest bytes@~3.1.2
229 silly packumentCache full:https://registry.npmjs.org/bytes cache-miss
230 silly fetch manifest content-type@~1.0.5
231 silly packumentCache full:https://registry.npmjs.org/content-type cache-hit
232 silly fetch manifest destroy@~1.2.0
233 silly packumentCache full:https://registry.npmjs.org/destroy cache-miss
234 silly fetch manifest http-errors@~2.0.1
235 silly packumentCache full:https://registry.npmjs.org/http-errors cache-hit
236 silly fetch manifest iconv-lite@~0.4.24
237 silly packumentCache full:https://registry.npmjs.org/iconv-lite cache-miss
238 silly fetch manifest raw-body@~2.5.3
239 silly packumentCache full:https://registry.npmjs.org/raw-body cache-miss
240 silly fetch manifest unpipe@~1.0.0
241 silly packumentCache full:https://registry.npmjs.org/unpipe cache-miss
242 http fetch GET 200 https://registry.npmjs.org/destroy 221ms (cache revalidated)
243 silly packumentCache full:https://registry.npmjs.org/destroy set size:15738 disposed:false
244 silly fetch manifest ms@2.0.0
245 silly packumentCache full:https://registry.npmjs.org/ms cache-miss
246 http fetch GET 200 https://registry.npmjs.org/mime-types 253ms (cache revalidated)
247 silly packumentCache full:https://registry.npmjs.org/mime-types set size:139110 disposed:false
248 silly fetch manifest unpipe@~1.0.0
249 silly packumentCache full:https://registry.npmjs.org/unpipe cache-miss
250 http fetch GET 200 https://registry.npmjs.org/raw-body 240ms (cache revalidated)
251 silly packumentCache full:https://registry.npmjs.org/raw-body set size:117822 disposed:false
252 silly fetch manifest statuses@~2.0.2
253 silly packumentCache full:https://registry.npmjs.org/statuses cache-hit
254 silly fetch manifest inherits@~2.0.4
255 silly packumentCache full:https://registry.npmjs.org/inherits cache-miss
256 http fetch GET 200 https://registry.npmjs.org/unpipe 287ms (cache revalidated)
257 silly packumentCache full:https://registry.npmjs.org/unpipe set size:3609 disposed:false
258 silly fetch manifest setprototypeof@~1.2.0
259 silly packumentCache full:https://registry.npmjs.org/setprototypeof cache-hit
260 silly fetch manifest toidentifier@~1.0.1
261 silly packumentCache full:https://registry.npmjs.org/toidentifier cache-miss
262 http fetch GET 200 https://registry.npmjs.org/negotiator 355ms (cache revalidated)
263 silly packumentCache full:https://registry.npmjs.org/negotiator set size:48046 disposed:false
264 silly fetch manifest ee-first@1.1.1
265 silly packumentCache full:https://registry.npmjs.org/ee-first cache-miss
266 http fetch GET 200 https://registry.npmjs.org/bytes 366ms (cache revalidated)
267 silly packumentCache full:https://registry.npmjs.org/bytes set size:37018 disposed:false
268 silly fetch manifest forwarded@0.2.0
269 silly packumentCache full:https://registry.npmjs.org/forwarded cache-miss
270 http fetch GET 200 https://registry.npmjs.org/iconv-lite 359ms (cache revalidated)
271 silly packumentCache full:https://registry.npmjs.org/iconv-lite set size:126478 disposed:false
272 silly fetch manifest ipaddr.js@1.9.1
273 silly packumentCache full:https://registry.npmjs.org/ipaddr.js cache-miss
274 http cache https://registry.npmjs.org/unpipe 192ms (cache hit)
275 silly packumentCache full:https://registry.npmjs.org/unpipe set size:3609 disposed:false
276 silly packumentCache full:https://registry.npmjs.org/unpipe dispose
277 silly fetch manifest side-channel@^1.1.1
278 silly packumentCache full:https://registry.npmjs.org/side-channel cache-miss
279 http fetch GET 200 https://registry.npmjs.org/ee-first 238ms (cache revalidated)
280 silly packumentCache full:https://registry.npmjs.org/ee-first set size:15327 disposed:false
281 silly fetch manifest es-define-property@^1.0.1
282 silly packumentCache full:https://registry.npmjs.org/es-define-property cache-miss
283 http fetch GET 200 https://registry.npmjs.org/inherits 314ms (cache revalidated)
284 silly packumentCache full:https://registry.npmjs.org/inherits set size:12925 disposed:false
285 silly fetch manifest ms@2.1.3
286 silly packumentCache full:https://registry.npmjs.org/ms cache-miss
287 http fetch GET 200 https://registry.npmjs.org/toidentifier 320ms (cache revalidated)
288 silly packumentCache full:https://registry.npmjs.org/toidentifier set size:12006 disposed:false
289 silly fetch manifest mime@1.6.0
290 silly packumentCache full:https://registry.npmjs.org/mime cache-miss
291 http fetch GET 200 https://registry.npmjs.org/ipaddr.js 266ms (cache revalidated)
292 silly packumentCache full:https://registry.npmjs.org/ipaddr.js set size:69549 disposed:false
293 silly fetch manifest destroy@1.2.0
294 silly packumentCache full:https://registry.npmjs.org/destroy cache-hit
295 silly fetch manifest mime-types@~2.1.24
296 silly packumentCache full:https://registry.npmjs.org/mime-types cache-hit
297 silly fetch manifest media-typer@0.3.0
298 silly packumentCache full:https://registry.npmjs.org/media-typer cache-miss
299 http fetch GET 200 https://registry.npmjs.org/forwarded 341ms (cache revalidated)
300 silly packumentCache full:https://registry.npmjs.org/forwarded set size:11229 disposed:false
301 http fetch GET 200 https://registry.npmjs.org/side-channel 260ms (cache revalidated)
302 silly packumentCache full:https://registry.npmjs.org/side-channel set size:27650 disposed:false
303 http fetch GET 200 https://registry.npmjs.org/ms 590ms (cache revalidated)
304 silly packumentCache full:https://registry.npmjs.org/ms set size:92208 disposed:false
305 http fetch GET 200 https://registry.npmjs.org/ms 242ms (cache revalidated)
306 silly packumentCache full:https://registry.npmjs.org/ms set size:92208 disposed:false
307 silly packumentCache full:https://registry.npmjs.org/ms dispose
308 http fetch GET 200 https://registry.npmjs.org/es-define-property 276ms (cache revalidated)
309 silly packumentCache full:https://registry.npmjs.org/es-define-property set size:8542 disposed:false
310 http fetch GET 200 https://registry.npmjs.org/mime 281ms (cache revalidated)
311 silly packumentCache full:https://registry.npmjs.org/mime set size:119236 disposed:false
312 http fetch GET 200 https://registry.npmjs.org/media-typer 276ms (cache revalidated)
313 silly packumentCache full:https://registry.npmjs.org/media-typer set size:22678 disposed:false
314 silly placeDep ROOT mime-types@2.1.35 OK for: accepts@1.3.8 want: ~2.1.34
315 silly placeDep ROOT negotiator@0.6.3 OK for: accepts@1.3.8 want: 0.6.3
316 silly fetch manifest mime-db@1.52.0
317 silly packumentCache full:https://registry.npmjs.org/mime-db cache-miss
318 http fetch GET 200 https://registry.npmjs.org/mime-db 173ms (cache revalidated)
319 silly packumentCache full:https://registry.npmjs.org/mime-db set size:164953 disposed:false
320 silly placeDep ROOT bytes@3.1.2 OK for: body-parser@1.20.6 want: ~3.1.2
321 silly placeDep ROOT destroy@1.2.0 OK for: body-parser@1.20.6 want: ~1.2.0
322 silly placeDep ROOT iconv-lite@0.4.24 OK for: body-parser@1.20.6 want: ~0.4.24
323 silly placeDep ROOT raw-body@2.5.3 OK for: body-parser@1.20.6 want: ~2.5.3
324 silly placeDep ROOT unpipe@1.0.0 OK for: body-parser@1.20.6 want: ~1.0.0
325 silly fetch manifest safer-buffer@>= 2.1.2 < 3
326 silly packumentCache full:https://registry.npmjs.org/safer-buffer cache-miss
327 http fetch GET 200 https://registry.npmjs.org/safer-buffer 88ms (cache revalidated)
328 silly packumentCache full:https://registry.npmjs.org/safer-buffer set size:18521 disposed:false
329 silly placeDep ROOT ms@2.0.0 OK for: debug@2.6.9 want: 2.0.0
330 silly placeDep ROOT inherits@2.0.4 OK for: http-errors@2.0.1 want: ~2.0.4
331 silly placeDep ROOT toidentifier@1.0.1 OK for: http-errors@2.0.1 want: ~1.0.1
332 silly placeDep ROOT safer-buffer@2.1.2 OK for: iconv-lite@0.4.24 want: >= 2.1.2 < 3
333 silly placeDep ROOT mime-db@1.52.0 OK for: mime-types@2.1.35 want: 1.52.0
334 silly placeDep ROOT append-field@1.0.0 OK for: multer@1.4.5-lts.2 want: ^1.0.0
335 silly placeDep ROOT busboy@1.6.0 OK for: multer@1.4.5-lts.2 want: ^1.0.0
336 silly placeDep ROOT concat-stream@1.6.2 OK for: multer@1.4.5-lts.2 want: ^1.5.2
337 silly placeDep ROOT mkdirp@0.5.6 OK for: multer@1.4.5-lts.2 want: ^0.5.4
338 silly placeDep ROOT xtend@4.0.2 OK for: multer@1.4.5-lts.2 want: ^4.0.0
339 silly fetch manifest streamsearch@^1.1.0
340 silly packumentCache full:https://registry.npmjs.org/streamsearch cache-miss
341 silly fetch manifest buffer-from@^1.0.0
342 silly packumentCache full:https://registry.npmjs.org/buffer-from cache-miss
343 silly fetch manifest readable-stream@^2.2.2
344 silly packumentCache full:https://registry.npmjs.org/readable-stream cache-miss
345 silly fetch manifest typedarray@^0.0.6
346 silly packumentCache full:https://registry.npmjs.org/typedarray cache-miss
347 silly fetch manifest minimist@^1.2.6
348 silly packumentCache full:https://registry.npmjs.org/minimist cache-miss
349 http fetch GET 200 https://registry.npmjs.org/readable-stream 128ms (cache revalidated)
350 silly packumentCache full:https://registry.npmjs.org/readable-stream set size:261096 disposed:false
351 http fetch GET 200 https://registry.npmjs.org/buffer-from 174ms (cache revalidated)
352 silly packumentCache full:https://registry.npmjs.org/buffer-from set size:15463 disposed:false
353 http fetch GET 200 https://registry.npmjs.org/streamsearch 207ms (cache revalidated)
354 silly packumentCache full:https://registry.npmjs.org/streamsearch set size:27372 disposed:false
355 http fetch GET 200 https://registry.npmjs.org/minimist 201ms (cache revalidated)
356 silly packumentCache full:https://registry.npmjs.org/minimist set size:77063 disposed:false
357 http fetch GET 200 https://registry.npmjs.org/typedarray 414ms (cache revalidated)
358 silly packumentCache full:https://registry.npmjs.org/typedarray set size:18469 disposed:false
359 silly placeDep ROOT streamsearch@1.1.0 OK for: busboy@1.6.0 want: ^1.1.0
360 silly placeDep ROOT buffer-from@1.1.2 OK for: concat-stream@1.6.2 want: ^1.0.0
361 silly placeDep ROOT readable-stream@2.3.8 OK for: concat-stream@1.6.2 want: ^2.2.2
362 silly placeDep ROOT typedarray@0.0.6 OK for: concat-stream@1.6.2 want: ^0.0.6
363 silly fetch manifest isarray@~1.0.0
364 silly packumentCache full:https://registry.npmjs.org/isarray cache-miss
365 silly fetch manifest safe-buffer@~5.1.1
366 silly packumentCache full:https://registry.npmjs.org/safe-buffer cache-hit
367 silly fetch manifest core-util-is@~1.0.0
368 silly packumentCache full:https://registry.npmjs.org/core-util-is cache-miss
369 silly fetch manifest string_decoder@~1.1.1
370 silly packumentCache full:https://registry.npmjs.org/string_decoder cache-miss
371 silly fetch manifest util-deprecate@~1.0.1
372 silly packumentCache full:https://registry.npmjs.org/util-deprecate cache-miss
373 silly fetch manifest process-nextick-args@~2.0.0
374 silly packumentCache full:https://registry.npmjs.org/process-nextick-args cache-miss
375 http fetch GET 200 https://registry.npmjs.org/util-deprecate 195ms (cache revalidated)
376 silly packumentCache full:https://registry.npmjs.org/util-deprecate set size:6674 disposed:false
377 http fetch GET 200 https://registry.npmjs.org/isarray 231ms (cache revalidated)
378 silly packumentCache full:https://registry.npmjs.org/isarray set size:17392 disposed:false
379 http fetch GET 200 https://registry.npmjs.org/string_decoder 232ms (cache revalidated)
380 silly packumentCache full:https://registry.npmjs.org/string_decoder set size:28441 disposed:false
381 http fetch GET 200 https://registry.npmjs.org/process-nextick-args 241ms (cache revalidated)
382 silly packumentCache full:https://registry.npmjs.org/process-nextick-args set size:15428 disposed:false
383 http fetch GET 200 https://registry.npmjs.org/core-util-is 259ms (cache revalidated)
384 silly packumentCache full:https://registry.npmjs.org/core-util-is set size:7163 disposed:false
385 silly placeDep ROOT minimist@1.2.8 OK for: mkdirp@0.5.6 want: ^1.2.6
386 silly placeDep ROOT ee-first@1.1.1 OK for: on-finished@2.4.1 want: 1.1.1
387 silly placeDep ROOT forwarded@0.2.0 OK for: proxy-addr@2.0.7 want: 0.2.0
388 silly placeDep ROOT ipaddr.js@1.9.1 OK for: proxy-addr@2.0.7 want: 1.9.1
389 silly placeDep ROOT es-define-property@1.0.1 OK for: qs@6.15.3 want: ^1.0.1
390 silly placeDep ROOT side-channel@1.1.1 OK for: qs@6.15.3 want: ^1.1.1
391 silly fetch manifest es-errors@^1.3.0
392 silly packumentCache full:https://registry.npmjs.org/es-errors cache-miss
393 silly fetch manifest object-inspect@^1.13.4
394 silly packumentCache full:https://registry.npmjs.org/object-inspect cache-miss
395 silly fetch manifest side-channel-list@^1.0.1
396 silly packumentCache full:https://registry.npmjs.org/side-channel-list cache-miss
397 silly fetch manifest side-channel-map@^1.0.1
398 silly packumentCache full:https://registry.npmjs.org/side-channel-map cache-miss
399 silly fetch manifest side-channel-weakmap@^1.0.2
400 silly packumentCache full:https://registry.npmjs.org/side-channel-weakmap cache-miss
401 http fetch GET 200 https://registry.npmjs.org/side-channel-map 110ms (cache revalidated)
402 silly packumentCache full:https://registry.npmjs.org/side-channel-map set size:9126 disposed:false
403 http fetch GET 200 https://registry.npmjs.org/es-errors 167ms (cache revalidated)
404 silly packumentCache full:https://registry.npmjs.org/es-errors set size:16918 disposed:false
405 http fetch GET 200 https://registry.npmjs.org/side-channel-list 168ms (cache revalidated)
406 silly packumentCache full:https://registry.npmjs.org/side-channel-list set size:9021 disposed:false
407 http fetch GET 200 https://registry.npmjs.org/object-inspect 180ms (cache revalidated)
408 silly packumentCache full:https://registry.npmjs.org/object-inspect set size:101912 disposed:false
409 http fetch GET 200 https://registry.npmjs.org/side-channel-weakmap 189ms (cache revalidated)
410 silly packumentCache full:https://registry.npmjs.org/side-channel-weakmap set size:12620 disposed:false
411 silly placeDep ROOT core-util-is@1.0.3 OK for: readable-stream@2.3.8 want: ~1.0.0
412 silly placeDep ROOT isarray@1.0.0 OK for: readable-stream@2.3.8 want: ~1.0.0
413 silly placeDep ROOT process-nextick-args@2.0.1 OK for: readable-stream@2.3.8 want: ~2.0.0
414 silly placeDep node_modules/readable-stream safe-buffer@5.1.2 OK for: readable-stream@2.3.8 want: ~5.1.1
415 silly placeDep ROOT string_decoder@1.1.1 OK for: readable-stream@2.3.8 want: ~1.1.1
416 silly placeDep ROOT util-deprecate@1.0.2 OK for: readable-stream@2.3.8 want: ~1.0.1
417 silly fetch manifest safe-buffer@~5.1.0
418 silly packumentCache full:https://registry.npmjs.org/safe-buffer cache-hit
419 silly placeDep ROOT mime@1.6.0 OK for: send@0.19.2 want: 1.6.0
420 silly placeDep node_modules/send ms@2.1.3 OK for: send@0.19.2 want: 2.1.3
421 silly placeDep ROOT es-errors@1.3.0 OK for: side-channel@1.1.1 want: ^1.3.0
422 silly placeDep ROOT object-inspect@1.13.4 OK for: side-channel@1.1.1 want: ^1.13.4
423 silly placeDep ROOT side-channel-list@1.0.1 OK for: side-channel@1.1.1 want: ^1.0.1
424 silly placeDep ROOT side-channel-map@1.0.1 OK for: side-channel@1.1.1 want: ^1.0.1
425 silly placeDep ROOT side-channel-weakmap@1.0.2 OK for: side-channel@1.1.1 want: ^1.0.2
426 silly fetch manifest call-bound@^1.0.2
427 silly packumentCache full:https://registry.npmjs.org/call-bound cache-miss
428 silly fetch manifest get-intrinsic@^1.2.5
429 silly packumentCache full:https://registry.npmjs.org/get-intrinsic cache-miss
430 silly fetch manifest call-bound@^1.0.2
431 silly packumentCache full:https://registry.npmjs.org/call-bound cache-miss
432 silly fetch manifest get-intrinsic@^1.2.5
433 silly packumentCache full:https://registry.npmjs.org/get-intrinsic cache-miss
434 http fetch GET 200 https://registry.npmjs.org/call-bound 139ms (cache revalidated)
435 silly packumentCache full:https://registry.npmjs.org/call-bound set size:15317 disposed:false
436 http fetch GET 200 https://registry.npmjs.org/call-bound 186ms (cache revalidated)
437 silly packumentCache full:https://registry.npmjs.org/call-bound set size:15317 disposed:false
438 silly packumentCache full:https://registry.npmjs.org/call-bound dispose
439 http fetch GET 200 https://registry.npmjs.org/get-intrinsic 194ms (cache revalidated)
440 silly packumentCache full:https://registry.npmjs.org/get-intrinsic set size:60985 disposed:false
441 http fetch GET 200 https://registry.npmjs.org/get-intrinsic 215ms (cache revalidated)
442 silly packumentCache full:https://registry.npmjs.org/get-intrinsic set size:60985 disposed:false
443 silly packumentCache full:https://registry.npmjs.org/get-intrinsic dispose
444 silly placeDep ROOT call-bound@1.0.4 OK for: side-channel-map@1.0.1 want: ^1.0.2
445 silly placeDep ROOT get-intrinsic@1.3.0 OK for: side-channel-map@1.0.1 want: ^1.2.5
446 silly fetch manifest call-bind-apply-helpers@^1.0.2
447 silly packumentCache full:https://registry.npmjs.org/call-bind-apply-helpers cache-miss
448 silly fetch manifest get-intrinsic@^1.3.0
449 silly packumentCache full:https://registry.npmjs.org/get-intrinsic cache-hit
450 silly fetch manifest gopd@^1.2.0
451 silly packumentCache full:https://registry.npmjs.org/gopd cache-miss
452 silly fetch manifest hasown@^2.0.2
453 silly packumentCache full:https://registry.npmjs.org/hasown cache-miss
454 silly fetch manifest get-proto@^1.0.1
455 silly packumentCache full:https://registry.npmjs.org/get-proto cache-miss
456 silly fetch manifest has-symbols@^1.1.0
457 silly packumentCache full:https://registry.npmjs.org/has-symbols cache-miss
458 silly fetch manifest function-bind@^1.1.2
459 silly packumentCache full:https://registry.npmjs.org/function-bind cache-miss
460 silly fetch manifest es-object-atoms@^1.1.1
461 silly packumentCache full:https://registry.npmjs.org/es-object-atoms cache-miss
462 http fetch GET 200 https://registry.npmjs.org/get-proto 139ms (cache revalidated)
463 silly packumentCache full:https://registry.npmjs.org/get-proto set size:8300 disposed:false
464 silly fetch manifest math-intrinsics@^1.1.0
465 silly packumentCache full:https://registry.npmjs.org/math-intrinsics cache-miss
466 http fetch GET 200 https://registry.npmjs.org/hasown 156ms (cache revalidated)
467 silly packumentCache full:https://registry.npmjs.org/hasown set size:18361 disposed:false
468 silly fetch manifest call-bind-apply-helpers@^1.0.2
469 silly packumentCache full:https://registry.npmjs.org/call-bind-apply-helpers cache-miss
470 http fetch GET 200 https://registry.npmjs.org/gopd 211ms (cache revalidated)
471 silly packumentCache full:https://registry.npmjs.org/gopd set size:11483 disposed:false
472 http fetch GET 200 https://registry.npmjs.org/call-bind-apply-helpers 229ms (cache revalidated)
473 silly packumentCache full:https://registry.npmjs.org/call-bind-apply-helpers set size:12744 disposed:false
474 http fetch GET 200 https://registry.npmjs.org/es-object-atoms 217ms (cache revalidated)
475 silly packumentCache full:https://registry.npmjs.org/es-object-atoms set size:18278 disposed:false
476 http fetch GET 200 https://registry.npmjs.org/has-symbols 241ms (cache revalidated)
477 silly packumentCache full:https://registry.npmjs.org/has-symbols set size:21550 disposed:false
478 http fetch GET 200 https://registry.npmjs.org/function-bind 257ms (cache revalidated)
479 silly packumentCache full:https://registry.npmjs.org/function-bind set size:15733 disposed:false
480 http fetch GET 200 https://registry.npmjs.org/call-bind-apply-helpers 175ms (cache revalidated)
481 silly packumentCache full:https://registry.npmjs.org/call-bind-apply-helpers set size:12744 disposed:false
482 silly packumentCache full:https://registry.npmjs.org/call-bind-apply-helpers dispose
483 http fetch GET 200 https://registry.npmjs.org/math-intrinsics 196ms (cache revalidated)
484 silly packumentCache full:https://registry.npmjs.org/math-intrinsics set size:9265 disposed:false
485 silly placeDep ROOT call-bind-apply-helpers@1.0.2 OK for: call-bound@1.0.4 want: ^1.0.2
486 silly placeDep ROOT function-bind@1.1.2 OK for: call-bind-apply-helpers@1.0.2 want: ^1.1.2
487 silly placeDep ROOT es-object-atoms@1.1.2 OK for: get-intrinsic@1.3.0 want: ^1.1.1
488 silly placeDep ROOT get-proto@1.0.1 OK for: get-intrinsic@1.3.0 want: ^1.0.1
489 silly placeDep ROOT gopd@1.2.0 OK for: get-intrinsic@1.3.0 want: ^1.2.0
490 silly placeDep ROOT has-symbols@1.1.0 OK for: get-intrinsic@1.3.0 want: ^1.1.0
491 silly placeDep ROOT hasown@2.0.4 OK for: get-intrinsic@1.3.0 want: ^2.0.2
492 silly placeDep ROOT math-intrinsics@1.1.0 OK for: get-intrinsic@1.3.0 want: ^1.1.0
493 silly fetch manifest dunder-proto@^1.0.1
494 silly packumentCache full:https://registry.npmjs.org/dunder-proto cache-miss
495 http fetch GET 200 https://registry.npmjs.org/dunder-proto 154ms (cache revalidated)
496 silly packumentCache full:https://registry.npmjs.org/dunder-proto set size:8256 disposed:false
497 silly placeDep ROOT dunder-proto@1.0.1 OK for: get-proto@1.0.1 want: ^1.0.1
498 silly placeDep node_modules/string_decoder safe-buffer@5.1.2 OK for: string_decoder@1.1.1 want: ~5.1.0
499 silly placeDep ROOT media-typer@0.3.0 OK for: type-is@1.6.18 want: 0.3.0
500 silly reify moves {}
501 silly audit bulk request {
501 silly audit   cors: [ '2.8.6' ],
501 silly audit   express: [ '4.22.2' ],
501 silly audit   multer: [ '1.4.5-lts.2' ],
501 silly audit   uuid: [ '9.0.1' ],
501 silly audit   'object-assign': [ '4.1.1' ],
501 silly audit   vary: [ '1.1.2' ],
501 silly audit   accepts: [ '1.3.8' ],
501 silly audit   'array-flatten': [ '1.1.1' ],
501 silly audit   'body-parser': [ '1.20.6' ],
501 silly audit   'content-disposition': [ '0.5.4' ],
501 silly audit   'content-type': [ '1.0.5' ],
501 silly audit   cookie: [ '0.7.2' ],
501 silly audit   'cookie-signature': [ '1.0.7' ],
501 silly audit   debug: [ '2.6.9' ],
501 silly audit   depd: [ '2.0.0' ],
501 silly audit   encodeurl: [ '2.0.0' ],
501 silly audit   'escape-html': [ '1.0.3' ],
501 silly audit   etag: [ '1.8.1' ],
501 silly audit   finalhandler: [ '1.3.2' ],
501 silly audit   fresh: [ '0.5.2' ],
501 silly audit   'http-errors': [ '2.0.1' ],
501 silly audit   'merge-descriptors': [ '1.0.3' ],
501 silly audit   methods: [ '1.1.2' ],
501 silly audit   'on-finished': [ '2.4.1' ],
501 silly audit   parseurl: [ '1.3.3' ],
501 silly audit   'path-to-regexp': [ '0.1.13' ],
501 silly audit   'proxy-addr': [ '2.0.7' ],
501 silly audit   qs: [ '6.15.3' ],
501 silly audit   'range-parser': [ '1.2.1' ],
501 silly audit   'safe-buffer': [ '5.2.1', '5.1.2' ],
501 silly audit   send: [ '0.19.2' ],
501 silly audit   'serve-static': [ '1.16.3' ],
501 silly audit   setprototypeof: [ '1.2.0' ],
501 silly audit   statuses: [ '2.0.2' ],
501 silly audit   'type-is': [ '1.6.18' ],
501 silly audit   'utils-merge': [ '1.0.1' ],
501 silly audit   'mime-types': [ '2.1.35' ],
501 silly audit   negotiator: [ '0.6.3' ],
501 silly audit   bytes: [ '3.1.2' ],
501 silly audit   destroy: [ '1.2.0' ],
501 silly audit   'iconv-lite': [ '0.4.24' ],
501 silly audit   'raw-body': [ '2.5.3' ],
501 silly audit   unpipe: [ '1.0.0' ],
501 silly audit   ms: [ '2.0.0', '2.1.3' ],
501 silly audit   inherits: [ '2.0.4' ],
501 silly audit   toidentifier: [ '1.0.1' ],
501 silly audit   'safer-buffer': [ '2.1.2' ],
501 silly audit   'mime-db': [ '1.52.0' ],
501 silly audit   'append-field': [ '1.0.0' ],
501 silly audit   busboy: [ '1.6.0' ],
501 silly audit   'concat-stream': [ '1.6.2' ],
501 silly audit   mkdirp: [ '0.5.6' ],
501 silly audit   xtend: [ '4.0.2' ],
501 silly audit   streamsearch: [ '1.1.0' ],
501 silly audit   'buffer-from': [ '1.1.2' ],
501 silly audit   'readable-stream': [ '2.3.8' ],
501 silly audit   typedarray: [ '0.0.6' ],
501 silly audit   minimist: [ '1.2.8' ],
501 silly audit   'ee-first': [ '1.1.1' ],
501 silly audit   forwarded: [ '0.2.0' ],
501 silly audit   'ipaddr.js': [ '1.9.1' ],
501 silly audit   'es-define-property': [ '1.0.1' ],
501 silly audit   'side-channel': [ '1.1.1' ],
501 silly audit   'core-util-is': [ '1.0.3' ],
501 silly audit   isarray: [ '1.0.0' ],
501 silly audit   'process-nextick-args': [ '2.0.1' ],
501 silly audit   string_decoder: [ '1.1.1' ],
501 silly audit   'util-deprecate': [ '1.0.2' ],
501 silly audit   mime: [ '1.6.0' ],
501 silly audit   'es-errors': [ '1.3.0' ],
501 silly audit   'object-inspect': [ '1.13.4' ],
501 silly audit   'side-channel-list': [ '1.0.1' ],
501 silly audit   'side-channel-map': [ '1.0.1' ],
501 silly audit   'side-channel-weakmap': [ '1.0.2' ],
501 silly audit   'call-bound': [ '1.0.4' ],
501 silly audit   'get-intrinsic': [ '1.3.0' ],
501 silly audit   'call-bind-apply-helpers': [ '1.0.2' ],
501 silly audit   'function-bind': [ '1.1.2' ],
501 silly audit   'es-object-atoms': [ '1.1.2' ],
501 silly audit   'get-proto': [ '1.0.1' ],
501 silly audit   gopd: [ '1.2.0' ],
501 silly audit   'has-symbols': [ '1.1.0' ],
501 silly audit   hasown: [ '2.0.4' ],
501 silly audit   'math-intrinsics': [ '1.1.0' ],
501 silly audit   'dunder-proto': [ '1.0.1' ],
501 silly audit   'media-typer': [ '0.3.0' ]
501 silly audit }
502 http cache media-typer@https://registry.npmjs.org/media-typer/-/media-typer-0.3.0.tgz 1ms (cache hit)
503 http cache dunder-proto@https://registry.npmjs.org/dunder-proto/-/dunder-proto-1.0.1.tgz 0ms (cache hit)
504 http cache math-intrinsics@https://registry.npmjs.org/math-intrinsics/-/math-intrinsics-1.1.0.tgz 0ms (cache hit)
505 http cache hasown@https://registry.npmjs.org/hasown/-/hasown-2.0.4.tgz 1ms (cache hit)
506 http cache has-symbols@https://registry.npmjs.org/has-symbols/-/has-symbols-1.1.0.tgz 0ms (cache hit)
507 http cache gopd@https://registry.npmjs.org/gopd/-/gopd-1.2.0.tgz 0ms (cache hit)
508 http cache get-proto@https://registry.npmjs.org/get-proto/-/get-proto-1.0.1.tgz 0ms (cache hit)
509 http cache es-object-atoms@https://registry.npmjs.org/es-object-atoms/-/es-object-atoms-1.1.2.tgz 0ms (cache hit)
510 http cache function-bind@https://registry.npmjs.org/function-bind/-/function-bind-1.1.2.tgz 0ms (cache hit)
511 http cache call-bind-apply-helpers@https://registry.npmjs.org/call-bind-apply-helpers/-/call-bind-apply-helpers-1.0.2.tgz 0ms (cache hit)
512 http cache get-intrinsic@https://registry.npmjs.org/get-intrinsic/-/get-intrinsic-1.3.0.tgz 0ms (cache hit)
513 http cache call-bound@https://registry.npmjs.org/call-bound/-/call-bound-1.0.4.tgz 0ms (cache hit)
514 http cache side-channel-weakmap@https://registry.npmjs.org/side-channel-weakmap/-/side-channel-weakmap-1.0.2.tgz 0ms (cache hit)
515 http cache side-channel-map@https://registry.npmjs.org/side-channel-map/-/side-channel-map-1.0.1.tgz 0ms (cache hit)
516 http cache side-channel-list@https://registry.npmjs.org/side-channel-list/-/side-channel-list-1.0.1.tgz 0ms (cache hit)
517 http cache object-inspect@https://registry.npmjs.org/object-inspect/-/object-inspect-1.13.4.tgz 0ms (cache hit)
518 http cache es-errors@https://registry.npmjs.org/es-errors/-/es-errors-1.3.0.tgz 0ms (cache hit)
519 http cache mime@https://registry.npmjs.org/mime/-/mime-1.6.0.tgz 0ms (cache hit)
520 http cache util-deprecate@https://registry.npmjs.org/util-deprecate/-/util-deprecate-1.0.2.tgz 0ms (cache hit)
521 http cache string_decoder@https://registry.npmjs.org/string_decoder/-/string_decoder-1.1.1.tgz 0ms (cache hit)
522 http cache process-nextick-args@https://registry.npmjs.org/process-nextick-args/-/process-nextick-args-2.0.1.tgz 1ms (cache hit)
523 http cache isarray@https://registry.npmjs.org/isarray/-/isarray-1.0.0.tgz 0ms (cache hit)
524 http cache core-util-is@https://registry.npmjs.org/core-util-is/-/core-util-is-1.0.3.tgz 0ms (cache hit)
525 http cache side-channel@https://registry.npmjs.org/side-channel/-/side-channel-1.1.1.tgz 0ms (cache hit)
526 http cache es-define-property@https://registry.npmjs.org/es-define-property/-/es-define-property-1.0.1.tgz 0ms (cache hit)
527 http cache ipaddr.js@https://registry.npmjs.org/ipaddr.js/-/ipaddr.js-1.9.1.tgz 1ms (cache hit)
528 http cache forwarded@https://registry.npmjs.org/forwarded/-/forwarded-0.2.0.tgz 0ms (cache hit)
529 http cache minimist@https://registry.npmjs.org/minimist/-/minimist-1.2.8.tgz 0ms (cache hit)
530 http cache typedarray@https://registry.npmjs.org/typedarray/-/typedarray-0.0.6.tgz 0ms (cache hit)
531 http cache readable-stream@https://registry.npmjs.org/readable-stream/-/readable-stream-2.3.8.tgz 0ms (cache hit)
532 http cache buffer-from@https://registry.npmjs.org/buffer-from/-/buffer-from-1.1.2.tgz 0ms (cache hit)
533 http cache streamsearch@https://registry.npmjs.org/streamsearch/-/streamsearch-1.1.0.tgz 0ms (cache hit)
534 http cache xtend@https://registry.npmjs.org/xtend/-/xtend-4.0.2.tgz 0ms (cache hit)
535 http cache mkdirp@https://registry.npmjs.org/mkdirp/-/mkdirp-0.5.6.tgz 1ms (cache hit)
536 http cache concat-stream@https://registry.npmjs.org/concat-stream/-/concat-stream-1.6.2.tgz 0ms (cache hit)
537 http cache busboy@https://registry.npmjs.org/busboy/-/busboy-1.6.0.tgz 0ms (cache hit)
538 http cache append-field@https://registry.npmjs.org/append-field/-/append-field-1.0.0.tgz 0ms (cache hit)
539 http cache safer-buffer@https://registry.npmjs.org/safer-buffer/-/safer-buffer-2.1.2.tgz 0ms (cache hit)
540 http cache mime-db@https://registry.npmjs.org/mime-db/-/mime-db-1.52.0.tgz 0ms (cache hit)
541 http cache toidentifier@https://registry.npmjs.org/toidentifier/-/toidentifier-1.0.1.tgz 0ms (cache hit)
542 http cache inherits@https://registry.npmjs.org/inherits/-/inherits-2.0.4.tgz 0ms (cache hit)
543 http cache ms@https://registry.npmjs.org/ms/-/ms-2.0.0.tgz 0ms (cache hit)
544 http cache unpipe@https://registry.npmjs.org/unpipe/-/unpipe-1.0.0.tgz 0ms (cache hit)
545 http cache raw-body@https://registry.npmjs.org/raw-body/-/raw-body-2.5.3.tgz 0ms (cache hit)
546 http cache iconv-lite@https://registry.npmjs.org/iconv-lite/-/iconv-lite-0.4.24.tgz 0ms (cache hit)
547 http cache destroy@https://registry.npmjs.org/destroy/-/destroy-1.2.0.tgz 0ms (cache hit)
548 http cache bytes@https://registry.npmjs.org/bytes/-/bytes-3.1.2.tgz 0ms (cache hit)
549 http cache negotiator@https://registry.npmjs.org/negotiator/-/negotiator-0.6.3.tgz 0ms (cache hit)
550 http cache ee-first@https://registry.npmjs.org/ee-first/-/ee-first-1.1.1.tgz 0ms (cache hit)
551 http cache mime-types@https://registry.npmjs.org/mime-types/-/mime-types-2.1.35.tgz 0ms (cache hit)
552 http cache type-is@https://registry.npmjs.org/type-is/-/type-is-1.6.18.tgz 0ms (cache hit)
553 http cache utils-merge@https://registry.npmjs.org/utils-merge/-/utils-merge-1.0.1.tgz 0ms (cache hit)
554 http cache setprototypeof@https://registry.npmjs.org/setprototypeof/-/setprototypeof-1.2.0.tgz 0ms (cache hit)
555 http cache serve-static@https://registry.npmjs.org/serve-static/-/serve-static-1.16.3.tgz 0ms (cache hit)
556 http cache send@https://registry.npmjs.org/send/-/send-0.19.2.tgz 0ms (cache hit)
557 http cache safe-buffer@https://registry.npmjs.org/safe-buffer/-/safe-buffer-5.2.1.tgz 0ms (cache hit)
558 http cache range-parser@https://registry.npmjs.org/range-parser/-/range-parser-1.2.1.tgz 0ms (cache hit)
559 http cache qs@https://registry.npmjs.org/qs/-/qs-6.15.3.tgz 0ms (cache hit)
560 http cache proxy-addr@https://registry.npmjs.org/proxy-addr/-/proxy-addr-2.0.7.tgz 0ms (cache hit)
561 http cache path-to-regexp@https://registry.npmjs.org/path-to-regexp/-/path-to-regexp-0.1.13.tgz 0ms (cache hit)
562 http cache parseurl@https://registry.npmjs.org/parseurl/-/parseurl-1.3.3.tgz 0ms (cache hit)
563 http cache on-finished@https://registry.npmjs.org/on-finished/-/on-finished-2.4.1.tgz 0ms (cache hit)
564 http cache methods@https://registry.npmjs.org/methods/-/methods-1.1.2.tgz 0ms (cache hit)
565 http cache merge-descriptors@https://registry.npmjs.org/merge-descriptors/-/merge-descriptors-1.0.3.tgz 0ms (cache hit)
566 http cache http-errors@https://registry.npmjs.org/http-errors/-/http-errors-2.0.1.tgz 0ms (cache hit)
567 http cache fresh@https://registry.npmjs.org/fresh/-/fresh-0.5.2.tgz 0ms (cache hit)
568 http cache finalhandler@https://registry.npmjs.org/finalhandler/-/finalhandler-1.3.2.tgz 0ms (cache hit)
569 http cache statuses@https://registry.npmjs.org/statuses/-/statuses-2.0.2.tgz 0ms (cache hit)
570 http cache etag@https://registry.npmjs.org/etag/-/etag-1.8.1.tgz 0ms (cache hit)
571 http cache escape-html@https://registry.npmjs.org/escape-html/-/escape-html-1.0.3.tgz 0ms (cache hit)
572 http cache encodeurl@https://registry.npmjs.org/encodeurl/-/encodeurl-2.0.0.tgz 0ms (cache hit)
573 http cache cookie-signature@https://registry.npmjs.org/cookie-signature/-/cookie-signature-1.0.7.tgz 0ms (cache hit)
574 http cache debug@https://registry.npmjs.org/debug/-/debug-2.6.9.tgz 0ms (cache hit)
575 http cache cookie@https://registry.npmjs.org/cookie/-/cookie-0.7.2.tgz 1ms (cache hit)
576 http cache content-type@https://registry.npmjs.org/content-type/-/content-type-1.0.5.tgz 0ms (cache hit)
577 http cache content-disposition@https://registry.npmjs.org/content-disposition/-/content-disposition-0.5.4.tgz 0ms (cache hit)
578 http cache body-parser@https://registry.npmjs.org/body-parser/-/body-parser-1.20.6.tgz 0ms (cache hit)
579 http cache array-flatten@https://registry.npmjs.org/array-flatten/-/array-flatten-1.1.1.tgz 0ms (cache hit)
580 http cache accepts@https://registry.npmjs.org/accepts/-/accepts-1.3.8.tgz 1ms (cache hit)
581 http cache vary@https://registry.npmjs.org/vary/-/vary-1.1.2.tgz 0ms (cache hit)
582 http cache object-assign@https://registry.npmjs.org/object-assign/-/object-assign-4.1.1.tgz 0ms (cache hit)
583 http cache uuid@https://registry.npmjs.org/uuid/-/uuid-9.0.1.tgz 0ms (cache hit)
584 http cache multer@https://registry.npmjs.org/multer/-/multer-1.4.5-lts.2.tgz 0ms (cache hit)
585 http cache depd@https://registry.npmjs.org/depd/-/depd-2.0.0.tgz 1ms (cache hit)
586 http cache express@https://registry.npmjs.org/express/-/express-4.22.2.tgz 0ms (cache hit)
587 http cache cors@https://registry.npmjs.org/cors/-/cors-2.8.6.tgz 0ms (cache hit)
588 http cache safe-buffer@https://registry.npmjs.org/safe-buffer/-/safe-buffer-5.1.2.tgz 0ms (cache hit)
589 http cache safe-buffer@https://registry.npmjs.org/safe-buffer/-/safe-buffer-5.1.2.tgz 0ms (cache hit)
590 http cache ms@https://registry.npmjs.org/ms/-/ms-2.1.3.tgz 1ms (cache hit)
591 http fetch POST 200 https://registry.npmjs.org/-/npm/v1/security/advisories/bulk 1442ms
592 silly audit report {
592 silly audit report   uuid: [
592 silly audit report     {
592 silly audit report       id: 1119441,
592 silly audit report       url: 'https://github.com/advisories/GHSA-w5hq-g745-h8pq',
592 silly audit report       title: 'uuid: Missing buffer bounds check in v3/v5/v6 when buf is provided',
592 silly audit report       severity: 'moderate',
592 silly audit report       vulnerable_versions: '<11.1.1',
592 silly audit report       cwe: [Array],
592 silly audit report       cvss: [Object]
592 silly audit report     }
592 silly audit report   ]
592 silly audit report }
593 silly packumentCache corgi:https://registry.npmjs.org/uuid cache-miss
594 warn deprecated multer@1.4.5-lts.2: Multer 1.x is impacted by a number of vulnerabilities, which have been patched in 2.x. You should upgrade to the latest 2.x version.
595 http fetch GET 200 https://registry.npmjs.org/uuid 1071ms (cache revalidated)
596 silly packumentCache corgi:https://registry.npmjs.org/uuid set size:82973 disposed:false
597 warn deprecated uuid@9.0.1: uuid@10 and below is no longer supported.  For ESM codebases, update to uuid@latest.  For CommonJS codebases, use uuid@11 (but be aware this version will likely be deprecated in 2028).
598 silly ADD node_modules/media-typer
599 silly ADD node_modules/dunder-proto
600 silly ADD node_modules/math-intrinsics
601 silly ADD node_modules/hasown
602 silly ADD node_modules/has-symbols
603 silly ADD node_modules/gopd
604 silly ADD node_modules/get-proto
605 silly ADD node_modules/es-object-atoms
606 silly ADD node_modules/function-bind
607 silly ADD node_modules/call-bind-apply-helpers
608 silly ADD node_modules/get-intrinsic
609 silly ADD node_modules/call-bound
610 silly ADD node_modules/side-channel-weakmap
611 silly ADD node_modules/side-channel-map
612 silly ADD node_modules/side-channel-list
613 silly ADD node_modules/object-inspect
614 silly ADD node_modules/es-errors
615 silly ADD node_modules/mime
616 silly ADD node_modules/util-deprecate
617 silly ADD node_modules/string_decoder
618 silly ADD node_modules/string_decoder/node_modules/safe-buffer
619 silly ADD node_modules/process-nextick-args
620 silly ADD node_modules/isarray
621 silly ADD node_modules/core-util-is
622 silly ADD node_modules/side-channel
623 silly ADD node_modules/es-define-property
624 silly ADD node_modules/ipaddr.js
625 silly ADD node_modules/forwarded
626 silly ADD node_modules/ee-first
627 silly ADD node_modules/minimist
628 silly ADD node_modules/typedarray
629 silly ADD node_modules/readable-stream
630 silly ADD node_modules/readable-stream/node_modules/safe-buffer
631 silly ADD node_modules/buffer-from
632 silly ADD node_modules/streamsearch
633 silly ADD node_modules/xtend
634 silly ADD node_modules/mkdirp
635 silly ADD node_modules/concat-stream
636 silly ADD node_modules/busboy
637 silly ADD node_modules/append-field
638 silly ADD node_modules/mime-db
639 silly ADD node_modules/safer-buffer
640 silly ADD node_modules/toidentifier
641 silly ADD node_modules/inherits
642 silly ADD node_modules/ms
643 silly ADD node_modules/unpipe
644 silly ADD node_modules/raw-body
645 silly ADD node_modules/iconv-lite
646 silly ADD node_modules/destroy
647 silly ADD node_modules/bytes
648 silly ADD node_modules/negotiator
649 silly ADD node_modules/mime-types
650 silly ADD node_modules/utils-merge
651 silly ADD node_modules/type-is
652 silly ADD node_modules/statuses
653 silly ADD node_modules/setprototypeof
654 silly ADD node_modules/serve-static
655 silly ADD node_modules/send
656 silly ADD node_modules/send/node_modules/ms
657 silly ADD node_modules/safe-buffer
658 silly ADD node_modules/range-parser
659 silly ADD node_modules/qs
660 silly ADD node_modules/proxy-addr
661 silly ADD node_modules/path-to-regexp
662 silly ADD node_modules/parseurl
663 silly ADD node_modules/on-finished
664 silly ADD node_modules/methods
665 silly ADD node_modules/merge-descriptors
666 silly ADD node_modules/http-errors
667 silly ADD node_modules/fresh
668 silly ADD node_modules/finalhandler
669 silly ADD node_modules/etag
670 silly ADD node_modules/escape-html
671 silly ADD node_modules/encodeurl
672 silly ADD node_modules/depd
673 silly ADD node_modules/debug
674 silly ADD node_modules/cookie-signature
675 silly ADD node_modules/cookie
676 silly ADD node_modules/content-type
677 silly ADD node_modules/content-disposition
678 silly ADD node_modules/body-parser
679 silly ADD node_modules/array-flatten
680 silly ADD node_modules/accepts
681 silly ADD node_modules/vary
682 silly ADD node_modules/object-assign
683 silly ADD node_modules/uuid
684 silly ADD node_modules/multer
685 silly ADD node_modules/express
686 silly ADD node_modules/cors
687 verbose cwd /data/data/com.termux/files/home/tarar-website
688 verbose os Linux 4.19.191-ge99ecb35a433-dirty
689 verbose node v26.3.1
690 verbose npm  v11.17.0
691 verbose exit 0
692 info ok
