0 verbose cli /data/data/com.termux/files/usr/bin/node /data/data/com.termux/files/usr/bin/npm
1 info using npm@11.17.0
2 info using node@v26.3.1
3 silly config load:file:/data/data/com.termux/files/usr/lib/node_modules/npm/npmrc
4 silly config load:file:/data/data/com.termux/files/home/tarar-website/.npmrc
5 silly config load:file:/data/data/com.termux/files/home/.npmrc
6 silly config load:file:/data/data/com.termux/files/usr/etc/npmrc
7 verbose title npm install
8 verbose argv "install"
9 verbose logfile logs-max:10 dir:/data/data/com.termux/files/home/.npm/_logs/2026-07-11T16_10_17_125Z-
10 verbose logfile /data/data/com.termux/files/home/.npm/_logs/2026-07-11T16_10_17_125Z-debug-0.log
11 silly logfile start cleaning logs, removing 1 files
12 silly logfile done cleaning log files
13 silly packumentCache heap:1099169792 maxSize:274792448 maxEntrySize:137396224
14 silly idealTree buildDeps
15 silly fetch manifest express@^4.19.2
16 silly packumentCache full:https://registry.npmjs.org/express cache-miss
17 http cache https://registry.npmjs.org/express 206ms (cache hit)
18 silly packumentCache full:https://registry.npmjs.org/express set size:804933 disposed:false
19 silly fetch manifest cors@^2.8.5
20 silly packumentCache full:https://registry.npmjs.org/cors cache-miss
21 http cache https://registry.npmjs.org/cors 44ms (cache hit)
22 silly packumentCache full:https://registry.npmjs.org/cors set size:77956 disposed:false
23 silly fetch manifest multer@^1.4.5-lts.1
24 silly packumentCache full:https://registry.npmjs.org/multer cache-miss
25 http cache https://registry.npmjs.org/multer 81ms (cache hit)
26 silly packumentCache full:https://registry.npmjs.org/multer set size:156441 disposed:false
27 silly fetch manifest uuid@^9.0.1
28 silly packumentCache full:https://registry.npmjs.org/uuid cache-miss
29 http cache https://registry.npmjs.org/uuid 57ms (cache hit)
30 silly packumentCache full:https://registry.npmjs.org/uuid set size:256419 disposed:false
31 silly placeDep ROOT cors@2.8.6 OK for: tarar-menswear-backend@1.0.0 want: ^2.8.5
32 silly placeDep ROOT express@4.22.2 OK for: tarar-menswear-backend@1.0.0 want: ^4.19.2
33 silly placeDep ROOT multer@1.4.5-lts.2 OK for: tarar-menswear-backend@1.0.0 want: ^1.4.5-lts.1
34 silly placeDep ROOT uuid@9.0.1 OK for: tarar-menswear-backend@1.0.0 want: ^9.0.1
35 silly fetch manifest object-assign@^4
36 silly packumentCache full:https://registry.npmjs.org/object-assign cache-miss
37 silly fetch manifest vary@^1
38 silly packumentCache full:https://registry.npmjs.org/vary cache-miss
39 silly fetch manifest qs@~6.15.1
40 silly packumentCache full:https://registry.npmjs.org/qs cache-miss
41 silly fetch manifest depd@2.0.0
42 silly packumentCache full:https://registry.npmjs.org/depd cache-miss
43 silly fetch manifest etag@~1.8.1
44 silly packumentCache full:https://registry.npmjs.org/etag cache-miss
45 silly fetch manifest send@~0.19.0
46 silly packumentCache full:https://registry.npmjs.org/send cache-miss
47 silly fetch manifest vary@~1.1.2
48 silly packumentCache full:https://registry.npmjs.org/vary cache-miss
49 http cache https://registry.npmjs.org/vary 112ms (cache hit)
50 silly packumentCache full:https://registry.npmjs.org/vary set size:15994 disposed:false
51 silly fetch manifest debug@2.6.9
52 silly packumentCache full:https://registry.npmjs.org/debug cache-miss
53 http cache https://registry.npmjs.org/object-assign 134ms (cache hit)
54 silly packumentCache full:https://registry.npmjs.org/object-assign set size:28988 disposed:false
55 silly fetch manifest fresh@~0.5.2
56 silly packumentCache full:https://registry.npmjs.org/fresh cache-miss
57 http cache https://registry.npmjs.org/vary 121ms (cache hit)
58 silly packumentCache full:https://registry.npmjs.org/vary set size:15994 disposed:false
59 silly packumentCache full:https://registry.npmjs.org/vary dispose
60 silly fetch manifest cookie@~0.7.1
61 silly packumentCache full:https://registry.npmjs.org/cookie cache-miss
62 http cache https://registry.npmjs.org/etag 145ms (cache hit)
63 silly packumentCache full:https://registry.npmjs.org/etag set size:30032 disposed:false
64 silly fetch manifest accepts@~1.3.8
65 silly packumentCache full:https://registry.npmjs.org/accepts cache-miss
66 http cache https://registry.npmjs.org/depd 192ms (cache hit)
67 silly packumentCache full:https://registry.npmjs.org/depd set size:40182 disposed:false
68 silly fetch manifest methods@~1.1.2
69 silly packumentCache full:https://registry.npmjs.org/methods cache-miss
70 http cache https://registry.npmjs.org/send 201ms (cache hit)
71 silly packumentCache full:https://registry.npmjs.org/send set size:152810 disposed:false
72 silly fetch manifest type-is@~1.6.18
73 silly packumentCache full:https://registry.npmjs.org/type-is cache-miss
74 http cache https://registry.npmjs.org/qs 257ms (cache hit)
75 silly packumentCache full:https://registry.npmjs.org/qs set size:360318 disposed:false
76 silly fetch manifest parseurl@~1.3.3
77 silly packumentCache full:https://registry.npmjs.org/parseurl cache-miss
78 http cache https://registry.npmjs.org/fresh 247ms (cache hit)
79 silly packumentCache full:https://registry.npmjs.org/fresh set size:25427 disposed:false
80 silly fetch manifest statuses@~2.0.1
81 silly packumentCache full:https://registry.npmjs.org/statuses cache-miss
82 http cache https://registry.npmjs.org/cookie 250ms (cache hit)
83 silly packumentCache full:https://registry.npmjs.org/cookie set size:78274 disposed:false
84 silly fetch manifest encodeurl@~2.0.0
85 silly packumentCache full:https://registry.npmjs.org/encodeurl cache-miss
86 http cache https://registry.npmjs.org/methods 251ms (cache hit)
87 silly packumentCache full:https://registry.npmjs.org/methods set size:12600 disposed:false
88 silly fetch manifest proxy-addr@~2.0.7
89 silly packumentCache full:https://registry.npmjs.org/proxy-addr cache-miss
90 http cache https://registry.npmjs.org/debug 360ms (cache hit)
91 silly packumentCache full:https://registry.npmjs.org/debug set size:195840 disposed:false
92 silly fetch manifest body-parser@~1.20.5
93 silly packumentCache full:https://registry.npmjs.org/body-parser cache-miss
94 http cache https://registry.npmjs.org/type-is 265ms (cache hit)
95 silly packumentCache full:https://registry.npmjs.org/type-is set size:88614 disposed:false
96 silly fetch manifest escape-html@~1.0.3
97 silly packumentCache full:https://registry.npmjs.org/escape-html cache-miss
98 http cache https://registry.npmjs.org/accepts 372ms (cache hit)
99 silly packumentCache full:https://registry.npmjs.org/accepts set size:77054 disposed:false
100 silly fetch manifest http-errors@~2.0.0
101 silly packumentCache full:https://registry.npmjs.org/http-errors cache-miss
102 http cache https://registry.npmjs.org/parseurl 254ms (cache hit)
103 silly packumentCache full:https://registry.npmjs.org/parseurl set size:24148 disposed:false
104 silly fetch manifest on-finished@~2.4.1
105 silly packumentCache full:https://registry.npmjs.org/on-finished cache-miss
106 http cache https://registry.npmjs.org/statuses 228ms (cache hit)
107 silly packumentCache full:https://registry.npmjs.org/statuses set size:37117 disposed:false
108 silly fetch manifest safe-buffer@5.2.1
109 silly packumentCache full:https://registry.npmjs.org/safe-buffer cache-miss
110 http cache https://registry.npmjs.org/proxy-addr 165ms (cache hit)
111 silly packumentCache full:https://registry.npmjs.org/proxy-addr set size:61619 disposed:false
112 silly fetch manifest utils-merge@1.0.1
113 silly packumentCache full:https://registry.npmjs.org/utils-merge cache-miss
114 http cache https://registry.npmjs.org/encodeurl 235ms (cache hit)
115 silly packumentCache full:https://registry.npmjs.org/encodeurl set size:12296 disposed:false
116 silly fetch manifest content-type@~1.0.4
117 silly packumentCache full:https://registry.npmjs.org/content-type cache-miss
118 http cache https://registry.npmjs.org/http-errors 116ms (cache hit)
119 silly packumentCache full:https://registry.npmjs.org/http-errors set size:71987 disposed:false
120 silly fetch manifest finalhandler@~1.3.1
121 silly packumentCache full:https://registry.npmjs.org/finalhandler cache-miss
122 http cache https://registry.npmjs.org/body-parser 179ms (cache hit)
123 silly packumentCache full:https://registry.npmjs.org/body-parser set size:204544 disposed:false
124 silly fetch manifest range-parser@~1.2.1
125 silly packumentCache full:https://registry.npmjs.org/range-parser cache-miss
126 http cache https://registry.npmjs.org/escape-html 195ms (cache hit)
127 silly packumentCache full:https://registry.npmjs.org/escape-html set size:7345 disposed:false
128 silly fetch manifest serve-static@~1.16.2
129 silly packumentCache full:https://registry.npmjs.org/serve-static cache-miss
130 http cache https://registry.npmjs.org/on-finished 176ms (cache hit)
131 silly packumentCache full:https://registry.npmjs.org/on-finished set size:23212 disposed:false
132 silly fetch manifest array-flatten@1.1.1
133 silly packumentCache full:https://registry.npmjs.org/array-flatten cache-miss
134 http cache https://registry.npmjs.org/content-type 132ms (cache hit)
135 silly packumentCache full:https://registry.npmjs.org/content-type set size:18994 disposed:false
136 silly fetch manifest path-to-regexp@~0.1.12
137 silly packumentCache full:https://registry.npmjs.org/path-to-regexp cache-miss
138 http cache https://registry.npmjs.org/utils-merge 161ms (cache hit)
139 silly packumentCache full:https://registry.npmjs.org/utils-merge set size:5237 disposed:false
140 silly fetch manifest setprototypeof@1.2.0
141 silly packumentCache full:https://registry.npmjs.org/setprototypeof cache-miss
142 http cache https://registry.npmjs.org/safe-buffer 192ms (cache hit)
143 silly packumentCache full:https://registry.npmjs.org/safe-buffer set size:41183 disposed:false
144 silly fetch manifest cookie-signature@~1.0.6
145 silly packumentCache full:https://registry.npmjs.org/cookie-signature cache-miss
146 http cache https://registry.npmjs.org/finalhandler 161ms (cache hit)
147 silly packumentCache full:https://registry.npmjs.org/finalhandler set size:79291 disposed:false
148 silly fetch manifest merge-descriptors@1.0.3
149 silly packumentCache full:https://registry.npmjs.org/merge-descriptors cache-miss
150 http cache https://registry.npmjs.org/range-parser 144ms (cache hit)
151 silly packumentCache full:https://registry.npmjs.org/range-parser set size:24852 disposed:false
152 silly fetch manifest content-disposition@~0.5.4
153 silly packumentCache full:https://registry.npmjs.org/content-disposition cache-miss
154 http cache https://registry.npmjs.org/serve-static 145ms (cache hit)
155 silly packumentCache full:https://registry.npmjs.org/serve-static set size:150391 disposed:false
156 silly fetch manifest xtend@^4.0.0
157 silly packumentCache full:https://registry.npmjs.org/xtend cache-miss
158 http cache https://registry.npmjs.org/array-flatten 189ms (cache hit)
159 silly packumentCache full:https://registry.npmjs.org/array-flatten set size:24005 disposed:false
160 silly fetch manifest busboy@^1.0.0
161 silly packumentCache full:https://registry.npmjs.org/busboy cache-miss
162 http cache https://registry.npmjs.org/setprototypeof 149ms (cache hit)
163 silly packumentCache full:https://registry.npmjs.org/setprototypeof set size:14532 disposed:false
164 silly fetch manifest mkdirp@^0.5.4
165 silly packumentCache full:https://registry.npmjs.org/mkdirp cache-miss
166 http cache https://registry.npmjs.org/cookie-signature 148ms (cache hit)
167 silly packumentCache full:https://registry.npmjs.org/cookie-signature set size:21777 disposed:false
168 silly fetch manifest type-is@^1.6.4
169 silly packumentCache full:https://registry.npmjs.org/type-is cache-hit
170 silly fetch manifest append-field@^1.0.0
171 silly packumentCache full:https://registry.npmjs.org/append-field cache-miss
172 http cache https://registry.npmjs.org/path-to-regexp 202ms (cache hit)
173 silly packumentCache full:https://registry.npmjs.org/path-to-regexp set size:216334 disposed:false
174 silly fetch manifest concat-stream@^1.5.2
175 silly packumentCache full:https://registry.npmjs.org/concat-stream cache-miss
176 http cache https://registry.npmjs.org/content-disposition 177ms (cache hit)
177 silly packumentCache full:https://registry.npmjs.org/content-disposition set size:42862 disposed:false
178 silly fetch manifest object-assign@^4.1.1
179 silly packumentCache full:https://registry.npmjs.org/object-assign cache-hit
180 http cache https://registry.npmjs.org/merge-descriptors 210ms (cache hit)
181 silly packumentCache full:https://registry.npmjs.org/merge-descriptors set size:16527 disposed:false
182 http cache https://registry.npmjs.org/xtend 174ms (cache hit)
183 silly packumentCache full:https://registry.npmjs.org/xtend set size:28314 disposed:false
184 http cache https://registry.npmjs.org/append-field 119ms (cache hit)
185 silly packumentCache full:https://registry.npmjs.org/append-field set size:7798 disposed:false
186 http cache https://registry.npmjs.org/busboy 180ms (cache hit)
187 silly packumentCache full:https://registry.npmjs.org/busboy set size:78901 disposed:false
188 http cache https://registry.npmjs.org/mkdirp 167ms (cache hit)
189 silly packumentCache full:https://registry.npmjs.org/mkdirp set size:116431 disposed:false
190 http cache https://registry.npmjs.org/concat-stream 124ms (cache hit)
191 silly packumentCache full:https://registry.npmjs.org/concat-stream set size:63783 disposed:false
192 silly placeDep ROOT object-assign@4.1.1 OK for: cors@2.8.6 want: ^4
193 silly placeDep ROOT vary@1.1.2 OK for: cors@2.8.6 want: ^1
194 silly placeDep ROOT accepts@1.3.8 OK for: express@4.22.2 want: ~1.3.8
195 silly placeDep ROOT array-flatten@1.1.1 OK for: express@4.22.2 want: 1.1.1
196 silly placeDep ROOT body-parser@1.20.6 OK for: express@4.22.2 want: ~1.20.5
197 silly placeDep ROOT content-disposition@0.5.4 OK for: express@4.22.2 want: ~0.5.4
198 silly placeDep ROOT content-type@1.0.5 OK for: express@4.22.2 want: ~1.0.4
199 silly placeDep ROOT cookie@0.7.2 OK for: express@4.22.2 want: ~0.7.1
200 silly placeDep ROOT cookie-signature@1.0.7 OK for: express@4.22.2 want: ~1.0.6
201 silly placeDep ROOT debug@2.6.9 OK for: express@4.22.2 want: 2.6.9
202 silly placeDep ROOT depd@2.0.0 OK for: express@4.22.2 want: 2.0.0
203 silly placeDep ROOT encodeurl@2.0.0 OK for: express@4.22.2 want: ~2.0.0
204 silly placeDep ROOT escape-html@1.0.3 OK for: express@4.22.2 want: ~1.0.3
205 silly placeDep ROOT etag@1.8.1 OK for: express@4.22.2 want: ~1.8.1
206 silly placeDep ROOT finalhandler@1.3.2 OK for: express@4.22.2 want: ~1.3.1
207 silly placeDep ROOT fresh@0.5.2 OK for: express@4.22.2 want: ~0.5.2
208 silly placeDep ROOT http-errors@2.0.1 OK for: express@4.22.2 want: ~2.0.0
209 silly placeDep ROOT merge-descriptors@1.0.3 OK for: express@4.22.2 want: 1.0.3
210 silly placeDep ROOT methods@1.1.2 OK for: express@4.22.2 want: ~1.1.2
211 silly placeDep ROOT on-finished@2.4.1 OK for: express@4.22.2 want: ~2.4.1
212 silly placeDep ROOT parseurl@1.3.3 OK for: express@4.22.2 want: ~1.3.3
213 silly placeDep ROOT path-to-regexp@0.1.13 OK for: express@4.22.2 want: ~0.1.12
214 silly placeDep ROOT proxy-addr@2.0.7 OK for: express@4.22.2 want: ~2.0.7
215 silly placeDep ROOT qs@6.15.3 OK for: express@4.22.2 want: ~6.15.1
216 silly placeDep ROOT range-parser@1.2.1 OK for: express@4.22.2 want: ~1.2.1
217 silly placeDep ROOT safe-buffer@5.2.1 OK for: express@4.22.2 want: 5.2.1
218 silly placeDep ROOT send@0.19.2 OK for: express@4.22.2 want: ~0.19.0
219 silly placeDep ROOT serve-static@1.16.3 OK for: express@4.22.2 want: ~1.16.2
220 silly placeDep ROOT setprototypeof@1.2.0 OK for: express@4.22.2 want: 1.2.0
221 silly placeDep ROOT statuses@2.0.2 OK for: express@4.22.2 want: ~2.0.1
222 silly placeDep ROOT type-is@1.6.18 OK for: express@4.22.2 want: ~1.6.18
223 silly placeDep ROOT utils-merge@1.0.1 OK for: express@4.22.2 want: 1.0.1
224 silly fetch manifest mime-types@~2.1.34
225 silly packumentCache full:https://registry.npmjs.org/mime-types cache-miss
226 silly fetch manifest negotiator@0.6.3
227 silly packumentCache full:https://registry.npmjs.org/negotiator cache-miss
228 silly fetch manifest bytes@~3.1.2
229 silly packumentCache full:https://registry.npmjs.org/bytes cache-miss
230 silly fetch manifest content-type@~1.0.5
231 silly packumentCache full:https://registry.npmjs.org/content-type cache-hit
232 silly fetch manifest destroy@~1.2.0
233 silly packumentCache full:https://registry.npmjs.org/destroy cache-miss
234 silly fetch manifest http-errors@~2.0.1
235 silly packumentCache full:https://registry.npmjs.org/http-errors cache-hit
236 silly fetch manifest iconv-lite@~0.4.24
237 silly packumentCache full:https://registry.npmjs.org/iconv-lite cache-miss
238 silly fetch manifest raw-body@~2.5.3
239 silly packumentCache full:https://registry.npmjs.org/raw-body cache-miss
240 silly fetch manifest unpipe@~1.0.0
241 silly packumentCache full:https://registry.npmjs.org/unpipe cache-miss
242 http cache https://registry.npmjs.org/iconv-lite 72ms (cache hit)
243 silly packumentCache full:https://registry.npmjs.org/iconv-lite set size:126478 disposed:false
244 silly fetch manifest ms@2.0.0
245 silly packumentCache full:https://registry.npmjs.org/ms cache-miss
246 http cache https://registry.npmjs.org/negotiator 136ms (cache hit)
247 silly packumentCache full:https://registry.npmjs.org/negotiator set size:48046 disposed:false
248 silly fetch manifest unpipe@~1.0.0
249 silly packumentCache full:https://registry.npmjs.org/unpipe cache-miss
250 http cache https://registry.npmjs.org/mime-types 160ms (cache hit)
251 silly packumentCache full:https://registry.npmjs.org/mime-types set size:139110 disposed:false
252 silly fetch manifest statuses@~2.0.2
253 silly packumentCache full:https://registry.npmjs.org/statuses cache-hit
254 silly fetch manifest inherits@~2.0.4
255 silly packumentCache full:https://registry.npmjs.org/inherits cache-miss
256 http cache https://registry.npmjs.org/destroy 178ms (cache hit)
257 silly packumentCache full:https://registry.npmjs.org/destroy set size:15738 disposed:false
258 silly fetch manifest setprototypeof@~1.2.0
259 silly packumentCache full:https://registry.npmjs.org/setprototypeof cache-hit
260 silly fetch manifest toidentifier@~1.0.1
261 silly packumentCache full:https://registry.npmjs.org/toidentifier cache-miss
262 http cache https://registry.npmjs.org/unpipe 165ms (cache hit)
263 silly packumentCache full:https://registry.npmjs.org/unpipe set size:3609 disposed:false
264 silly fetch manifest ee-first@1.1.1
265 silly packumentCache full:https://registry.npmjs.org/ee-first cache-miss
266 http cache https://registry.npmjs.org/bytes 217ms (cache hit)
267 silly packumentCache full:https://registry.npmjs.org/bytes set size:37018 disposed:false
268 silly fetch manifest forwarded@0.2.0
269 silly packumentCache full:https://registry.npmjs.org/forwarded cache-miss
270 http cache https://registry.npmjs.org/raw-body 215ms (cache hit)
271 silly packumentCache full:https://registry.npmjs.org/raw-body set size:117822 disposed:false
272 silly fetch manifest ipaddr.js@1.9.1
273 silly packumentCache full:https://registry.npmjs.org/ipaddr.js cache-miss
274 http cache https://registry.npmjs.org/unpipe 175ms (cache hit)
275 silly packumentCache full:https://registry.npmjs.org/unpipe set size:3609 disposed:false
276 silly packumentCache full:https://registry.npmjs.org/unpipe dispose
277 silly fetch manifest side-channel@^1.1.1
278 silly packumentCache full:https://registry.npmjs.org/side-channel cache-miss
279 http cache https://registry.npmjs.org/ms 207ms (cache hit)
280 silly packumentCache full:https://registry.npmjs.org/ms set size:92208 disposed:false
281 silly fetch manifest es-define-property@^1.0.1
282 silly packumentCache full:https://registry.npmjs.org/es-define-property cache-miss
283 http cache https://registry.npmjs.org/ee-first 149ms (cache hit)
284 silly packumentCache full:https://registry.npmjs.org/ee-first set size:15327 disposed:false
285 silly fetch manifest ms@2.1.3
286 silly packumentCache full:https://registry.npmjs.org/ms cache-hit
287 silly fetch manifest mime@1.6.0
288 silly packumentCache full:https://registry.npmjs.org/mime cache-miss
289 http cache https://registry.npmjs.org/inherits 196ms (cache hit)
290 silly packumentCache full:https://registry.npmjs.org/inherits set size:12925 disposed:false
291 silly fetch manifest destroy@1.2.0
292 silly packumentCache full:https://registry.npmjs.org/destroy cache-hit
293 silly fetch manifest mime-types@~2.1.24
294 silly packumentCache full:https://registry.npmjs.org/mime-types cache-hit
295 silly fetch manifest media-typer@0.3.0
296 silly packumentCache full:https://registry.npmjs.org/media-typer cache-miss
297 http cache https://registry.npmjs.org/toidentifier 207ms (cache hit)
298 silly packumentCache full:https://registry.npmjs.org/toidentifier set size:12006 disposed:false
299 http cache https://registry.npmjs.org/forwarded 243ms (cache hit)
300 silly packumentCache full:https://registry.npmjs.org/forwarded set size:11229 disposed:false
301 http cache https://registry.npmjs.org/ipaddr.js 217ms (cache hit)
302 silly packumentCache full:https://registry.npmjs.org/ipaddr.js set size:69549 disposed:false
303 http cache https://registry.npmjs.org/mime 156ms (cache hit)
304 silly packumentCache full:https://registry.npmjs.org/mime set size:119236 disposed:false
305 http cache https://registry.npmjs.org/side-channel 226ms (cache hit)
306 silly packumentCache full:https://registry.npmjs.org/side-channel set size:27650 disposed:false
307 http cache https://registry.npmjs.org/media-typer 161ms (cache hit)
308 silly packumentCache full:https://registry.npmjs.org/media-typer set size:22678 disposed:false
309 http cache https://registry.npmjs.org/es-define-property 215ms (cache hit)
310 silly packumentCache full:https://registry.npmjs.org/es-define-property set size:8542 disposed:false
311 silly placeDep ROOT mime-types@2.1.35 OK for: accepts@1.3.8 want: ~2.1.34
312 silly placeDep ROOT negotiator@0.6.3 OK for: accepts@1.3.8 want: 0.6.3
313 silly fetch manifest mime-db@1.52.0
314 silly packumentCache full:https://registry.npmjs.org/mime-db cache-miss
315 http cache https://registry.npmjs.org/mime-db 35ms (cache hit)
316 silly packumentCache full:https://registry.npmjs.org/mime-db set size:164953 disposed:false
317 silly placeDep ROOT bytes@3.1.2 OK for: body-parser@1.20.6 want: ~3.1.2
318 silly placeDep ROOT destroy@1.2.0 OK for: body-parser@1.20.6 want: ~1.2.0
319 silly placeDep ROOT iconv-lite@0.4.24 OK for: body-parser@1.20.6 want: ~0.4.24
320 silly placeDep ROOT raw-body@2.5.3 OK for: body-parser@1.20.6 want: ~2.5.3
321 silly placeDep ROOT unpipe@1.0.0 OK for: body-parser@1.20.6 want: ~1.0.0
322 silly fetch manifest safer-buffer@>= 2.1.2 < 3
323 silly packumentCache full:https://registry.npmjs.org/safer-buffer cache-miss
324 http cache https://registry.npmjs.org/safer-buffer 36ms (cache hit)
325 silly packumentCache full:https://registry.npmjs.org/safer-buffer set size:18521 disposed:false
326 silly placeDep ROOT ms@2.0.0 OK for: debug@2.6.9 want: 2.0.0
327 silly placeDep ROOT inherits@2.0.4 OK for: http-errors@2.0.1 want: ~2.0.4
328 silly placeDep ROOT toidentifier@1.0.1 OK for: http-errors@2.0.1 want: ~1.0.1
329 silly placeDep ROOT safer-buffer@2.1.2 OK for: iconv-lite@0.4.24 want: >= 2.1.2 < 3
330 silly placeDep ROOT mime-db@1.52.0 OK for: mime-types@2.1.35 want: 1.52.0
331 silly placeDep ROOT append-field@1.0.0 OK for: multer@1.4.5-lts.2 want: ^1.0.0
332 silly placeDep ROOT busboy@1.6.0 OK for: multer@1.4.5-lts.2 want: ^1.0.0
333 silly placeDep ROOT concat-stream@1.6.2 OK for: multer@1.4.5-lts.2 want: ^1.5.2
334 silly placeDep ROOT mkdirp@0.5.6 OK for: multer@1.4.5-lts.2 want: ^0.5.4
335 silly placeDep ROOT xtend@4.0.2 OK for: multer@1.4.5-lts.2 want: ^4.0.0
336 silly fetch manifest streamsearch@^1.1.0
337 silly packumentCache full:https://registry.npmjs.org/streamsearch cache-miss
338 silly fetch manifest buffer-from@^1.0.0
339 silly packumentCache full:https://registry.npmjs.org/buffer-from cache-miss
340 silly fetch manifest readable-stream@^2.2.2
341 silly packumentCache full:https://registry.npmjs.org/readable-stream cache-miss
342 silly fetch manifest typedarray@^0.0.6
343 silly packumentCache full:https://registry.npmjs.org/typedarray cache-miss
344 silly fetch manifest minimist@^1.2.6
345 silly packumentCache full:https://registry.npmjs.org/minimist cache-miss
346 http cache https://registry.npmjs.org/streamsearch 64ms (cache hit)
347 silly packumentCache full:https://registry.npmjs.org/streamsearch set size:27372 disposed:false
348 http cache https://registry.npmjs.org/buffer-from 70ms (cache hit)
349 silly packumentCache full:https://registry.npmjs.org/buffer-from set size:15463 disposed:false
350 http cache https://registry.npmjs.org/typedarray 71ms (cache hit)
351 silly packumentCache full:https://registry.npmjs.org/typedarray set size:18469 disposed:false
352 http cache https://registry.npmjs.org/readable-stream 92ms (cache hit)
353 silly packumentCache full:https://registry.npmjs.org/readable-stream set size:261096 disposed:false
354 http cache https://registry.npmjs.org/minimist 126ms (cache hit)
355 silly packumentCache full:https://registry.npmjs.org/minimist set size:77063 disposed:false
356 silly placeDep ROOT streamsearch@1.1.0 OK for: busboy@1.6.0 want: ^1.1.0
357 silly placeDep ROOT buffer-from@1.1.2 OK for: concat-stream@1.6.2 want: ^1.0.0
358 silly placeDep ROOT readable-stream@2.3.8 OK for: concat-stream@1.6.2 want: ^2.2.2
359 silly placeDep ROOT typedarray@0.0.6 OK for: concat-stream@1.6.2 want: ^0.0.6
360 silly fetch manifest isarray@~1.0.0
361 silly packumentCache full:https://registry.npmjs.org/isarray cache-miss
362 silly fetch manifest safe-buffer@~5.1.1
363 silly packumentCache full:https://registry.npmjs.org/safe-buffer cache-hit
364 silly fetch manifest core-util-is@~1.0.0
365 silly packumentCache full:https://registry.npmjs.org/core-util-is cache-miss
366 silly fetch manifest string_decoder@~1.1.1
367 silly packumentCache full:https://registry.npmjs.org/string_decoder cache-miss
368 silly fetch manifest util-deprecate@~1.0.1
369 silly packumentCache full:https://registry.npmjs.org/util-deprecate cache-miss
370 silly fetch manifest process-nextick-args@~2.0.0
371 silly packumentCache full:https://registry.npmjs.org/process-nextick-args cache-miss
372 http cache https://registry.npmjs.org/core-util-is 121ms (cache hit)
373 silly packumentCache full:https://registry.npmjs.org/core-util-is set size:7163 disposed:false
374 http cache https://registry.npmjs.org/string_decoder 138ms (cache hit)
375 silly packumentCache full:https://registry.npmjs.org/string_decoder set size:28441 disposed:false
376 http cache https://registry.npmjs.org/process-nextick-args 143ms (cache hit)
377 silly packumentCache full:https://registry.npmjs.org/process-nextick-args set size:15428 disposed:false
378 http cache https://registry.npmjs.org/util-deprecate 164ms (cache hit)
379 silly packumentCache full:https://registry.npmjs.org/util-deprecate set size:6674 disposed:false
380 http cache https://registry.npmjs.org/isarray 204ms (cache hit)
381 silly packumentCache full:https://registry.npmjs.org/isarray set size:17392 disposed:false
382 silly placeDep ROOT minimist@1.2.8 OK for: mkdirp@0.5.6 want: ^1.2.6
383 silly placeDep ROOT ee-first@1.1.1 OK for: on-finished@2.4.1 want: 1.1.1
384 silly placeDep ROOT forwarded@0.2.0 OK for: proxy-addr@2.0.7 want: 0.2.0
385 silly placeDep ROOT ipaddr.js@1.9.1 OK for: proxy-addr@2.0.7 want: 1.9.1
386 silly placeDep ROOT es-define-property@1.0.1 OK for: qs@6.15.3 want: ^1.0.1
387 silly placeDep ROOT side-channel@1.1.1 OK for: qs@6.15.3 want: ^1.1.1
388 silly fetch manifest es-errors@^1.3.0
389 silly packumentCache full:https://registry.npmjs.org/es-errors cache-miss
390 silly fetch manifest object-inspect@^1.13.4
391 silly packumentCache full:https://registry.npmjs.org/object-inspect cache-miss
392 silly fetch manifest side-channel-list@^1.0.1
393 silly packumentCache full:https://registry.npmjs.org/side-channel-list cache-miss
394 silly fetch manifest side-channel-map@^1.0.1
395 silly packumentCache full:https://registry.npmjs.org/side-channel-map cache-miss
396 silly fetch manifest side-channel-weakmap@^1.0.2
397 silly packumentCache full:https://registry.npmjs.org/side-channel-weakmap cache-miss
398 http cache https://registry.npmjs.org/side-channel-list 113ms (cache hit)
399 silly packumentCache full:https://registry.npmjs.org/side-channel-list set size:9021 disposed:false
400 http cache https://registry.npmjs.org/object-inspect 129ms (cache hit)
401 silly packumentCache full:https://registry.npmjs.org/object-inspect set size:101912 disposed:false
402 http cache https://registry.npmjs.org/es-errors 159ms (cache hit)
403 silly packumentCache full:https://registry.npmjs.org/es-errors set size:16918 disposed:false
404 http cache https://registry.npmjs.org/side-channel-weakmap 139ms (cache hit)
405 silly packumentCache full:https://registry.npmjs.org/side-channel-weakmap set size:12620 disposed:false
406 http cache https://registry.npmjs.org/side-channel-map 157ms (cache hit)
407 silly packumentCache full:https://registry.npmjs.org/side-channel-map set size:9126 disposed:false
408 silly placeDep ROOT core-util-is@1.0.3 OK for: readable-stream@2.3.8 want: ~1.0.0
409 silly placeDep ROOT isarray@1.0.0 OK for: readable-stream@2.3.8 want: ~1.0.0
410 silly placeDep ROOT process-nextick-args@2.0.1 OK for: readable-stream@2.3.8 want: ~2.0.0
411 silly placeDep node_modules/readable-stream safe-buffer@5.1.2 OK for: readable-stream@2.3.8 want: ~5.1.1
412 silly placeDep ROOT string_decoder@1.1.1 OK for: readable-stream@2.3.8 want: ~1.1.1
413 silly placeDep ROOT util-deprecate@1.0.2 OK for: readable-stream@2.3.8 want: ~1.0.1
414 silly fetch manifest safe-buffer@~5.1.0
415 silly packumentCache full:https://registry.npmjs.org/safe-buffer cache-hit
416 silly placeDep ROOT mime@1.6.0 OK for: send@0.19.2 want: 1.6.0
417 silly placeDep node_modules/send ms@2.1.3 OK for: send@0.19.2 want: 2.1.3
418 silly placeDep ROOT es-errors@1.3.0 OK for: side-channel@1.1.1 want: ^1.3.0
419 silly placeDep ROOT object-inspect@1.13.4 OK for: side-channel@1.1.1 want: ^1.13.4
420 silly placeDep ROOT side-channel-list@1.0.1 OK for: side-channel@1.1.1 want: ^1.0.1
421 silly placeDep ROOT side-channel-map@1.0.1 OK for: side-channel@1.1.1 want: ^1.0.1
422 silly placeDep ROOT side-channel-weakmap@1.0.2 OK for: side-channel@1.1.1 want: ^1.0.2
423 silly fetch manifest call-bound@^1.0.2
424 silly packumentCache full:https://registry.npmjs.org/call-bound cache-miss
425 silly fetch manifest get-intrinsic@^1.2.5
426 silly packumentCache full:https://registry.npmjs.org/get-intrinsic cache-miss
427 silly fetch manifest call-bound@^1.0.2
428 silly packumentCache full:https://registry.npmjs.org/call-bound cache-miss
429 silly fetch manifest get-intrinsic@^1.2.5
430 silly packumentCache full:https://registry.npmjs.org/get-intrinsic cache-miss
431 http cache https://registry.npmjs.org/call-bound 109ms (cache hit)
432 silly packumentCache full:https://registry.npmjs.org/call-bound set size:15317 disposed:false
433 http cache https://registry.npmjs.org/get-intrinsic 173ms (cache hit)
434 silly packumentCache full:https://registry.npmjs.org/get-intrinsic set size:60985 disposed:false
435 http cache https://registry.npmjs.org/get-intrinsic 403ms (cache hit)
436 silly packumentCache full:https://registry.npmjs.org/get-intrinsic set size:60985 disposed:false
437 silly packumentCache full:https://registry.npmjs.org/get-intrinsic dispose
438 http cache https://registry.npmjs.org/call-bound 673ms (cache hit)
439 silly packumentCache full:https://registry.npmjs.org/call-bound set size:15317 disposed:false
440 silly packumentCache full:https://registry.npmjs.org/call-bound dispose
441 silly placeDep ROOT call-bound@1.0.4 OK for: side-channel-map@1.0.1 want: ^1.0.2
442 silly placeDep ROOT get-intrinsic@1.3.0 OK for: side-channel-map@1.0.1 want: ^1.2.5
443 silly fetch manifest call-bind-apply-helpers@^1.0.2
444 silly packumentCache full:https://registry.npmjs.org/call-bind-apply-helpers cache-miss
445 silly fetch manifest get-intrinsic@^1.3.0
446 silly packumentCache full:https://registry.npmjs.org/get-intrinsic cache-hit
447 silly fetch manifest gopd@^1.2.0
448 silly packumentCache full:https://registry.npmjs.org/gopd cache-miss
449 silly fetch manifest hasown@^2.0.2
450 silly packumentCache full:https://registry.npmjs.org/hasown cache-miss
451 silly fetch manifest get-proto@^1.0.1
452 silly packumentCache full:https://registry.npmjs.org/get-proto cache-miss
453 silly fetch manifest has-symbols@^1.1.0
454 silly packumentCache full:https://registry.npmjs.org/has-symbols cache-miss
455 silly fetch manifest function-bind@^1.1.2
456 silly packumentCache full:https://registry.npmjs.org/function-bind cache-miss
457 silly fetch manifest es-object-atoms@^1.1.1
458 silly packumentCache full:https://registry.npmjs.org/es-object-atoms cache-miss
459 http cache https://registry.npmjs.org/call-bind-apply-helpers 159ms (cache hit)
460 silly packumentCache full:https://registry.npmjs.org/call-bind-apply-helpers set size:12744 disposed:false
461 silly fetch manifest math-intrinsics@^1.1.0
462 silly packumentCache full:https://registry.npmjs.org/math-intrinsics cache-miss
463 http cache https://registry.npmjs.org/gopd 169ms (cache hit)
464 silly packumentCache full:https://registry.npmjs.org/gopd set size:11483 disposed:false
465 http cache https://registry.npmjs.org/hasown 178ms (cache hit)
466 silly packumentCache full:https://registry.npmjs.org/hasown set size:18361 disposed:false
467 http cache https://registry.npmjs.org/get-proto 186ms (cache hit)
468 silly packumentCache full:https://registry.npmjs.org/get-proto set size:8300 disposed:false
469 http cache https://registry.npmjs.org/function-bind 185ms (cache hit)
470 silly packumentCache full:https://registry.npmjs.org/function-bind set size:15733 disposed:false
471 http cache https://registry.npmjs.org/has-symbols 207ms (cache hit)
472 silly packumentCache full:https://registry.npmjs.org/has-symbols set size:21550 disposed:false
473 http cache https://registry.npmjs.org/es-object-atoms 202ms (cache hit)
474 silly packumentCache full:https://registry.npmjs.org/es-object-atoms set size:18278 disposed:false
475 http cache https://registry.npmjs.org/math-intrinsics 135ms (cache hit)
476 silly packumentCache full:https://registry.npmjs.org/math-intrinsics set size:9265 disposed:false
477 silly placeDep ROOT call-bind-apply-helpers@1.0.2 OK for: call-bound@1.0.4 want: ^1.0.2
478 silly placeDep ROOT function-bind@1.1.2 OK for: call-bind-apply-helpers@1.0.2 want: ^1.1.2
479 silly placeDep ROOT es-object-atoms@1.1.2 OK for: get-intrinsic@1.3.0 want: ^1.1.1
480 silly placeDep ROOT get-proto@1.0.1 OK for: get-intrinsic@1.3.0 want: ^1.0.1
481 silly placeDep ROOT gopd@1.2.0 OK for: get-intrinsic@1.3.0 want: ^1.2.0
482 silly placeDep ROOT has-symbols@1.1.0 OK for: get-intrinsic@1.3.0 want: ^1.1.0
483 silly placeDep ROOT hasown@2.0.4 OK for: get-intrinsic@1.3.0 want: ^2.0.2
484 silly placeDep ROOT math-intrinsics@1.1.0 OK for: get-intrinsic@1.3.0 want: ^1.1.0
485 silly fetch manifest dunder-proto@^1.0.1
486 silly packumentCache full:https://registry.npmjs.org/dunder-proto cache-miss
487 http cache https://registry.npmjs.org/dunder-proto 46ms (cache hit)
488 silly packumentCache full:https://registry.npmjs.org/dunder-proto set size:8256 disposed:false
489 silly placeDep ROOT dunder-proto@1.0.1 OK for: get-proto@1.0.1 want: ^1.0.1
490 silly placeDep node_modules/string_decoder safe-buffer@5.1.2 OK for: string_decoder@1.1.1 want: ~5.1.0
491 silly placeDep ROOT media-typer@0.3.0 OK for: type-is@1.6.18 want: 0.3.0
492 silly reify moves {}
493 silly audit bulk request {
493 silly audit   cors: [ '2.8.6' ],
493 silly audit   express: [ '4.22.2' ],
493 silly audit   multer: [ '1.4.5-lts.2' ],
493 silly audit   uuid: [ '9.0.1' ],
493 silly audit   'object-assign': [ '4.1.1' ],
493 silly audit   vary: [ '1.1.2' ],
493 silly audit   accepts: [ '1.3.8' ],
493 silly audit   'array-flatten': [ '1.1.1' ],
493 silly audit   'body-parser': [ '1.20.6' ],
493 silly audit   'content-disposition': [ '0.5.4' ],
493 silly audit   'content-type': [ '1.0.5' ],
493 silly audit   cookie: [ '0.7.2' ],
493 silly audit   'cookie-signature': [ '1.0.7' ],
493 silly audit   debug: [ '2.6.9' ],
493 silly audit   depd: [ '2.0.0' ],
493 silly audit   encodeurl: [ '2.0.0' ],
493 silly audit   'escape-html': [ '1.0.3' ],
493 silly audit   etag: [ '1.8.1' ],
493 silly audit   finalhandler: [ '1.3.2' ],
493 silly audit   fresh: [ '0.5.2' ],
493 silly audit   'http-errors': [ '2.0.1' ],
493 silly audit   'merge-descriptors': [ '1.0.3' ],
493 silly audit   methods: [ '1.1.2' ],
493 silly audit   'on-finished': [ '2.4.1' ],
493 silly audit   parseurl: [ '1.3.3' ],
493 silly audit   'path-to-regexp': [ '0.1.13' ],
493 silly audit   'proxy-addr': [ '2.0.7' ],
493 silly audit   qs: [ '6.15.3' ],
493 silly audit   'range-parser': [ '1.2.1' ],
493 silly audit   'safe-buffer': [ '5.2.1', '5.1.2' ],
493 silly audit   send: [ '0.19.2' ],
493 silly audit   'serve-static': [ '1.16.3' ],
493 silly audit   setprototypeof: [ '1.2.0' ],
493 silly audit   statuses: [ '2.0.2' ],
493 silly audit   'type-is': [ '1.6.18' ],
493 silly audit   'utils-merge': [ '1.0.1' ],
493 silly audit   'mime-types': [ '2.1.35' ],
493 silly audit   negotiator: [ '0.6.3' ],
493 silly audit   bytes: [ '3.1.2' ],
493 silly audit   destroy: [ '1.2.0' ],
493 silly audit   'iconv-lite': [ '0.4.24' ],
493 silly audit   'raw-body': [ '2.5.3' ],
493 silly audit   unpipe: [ '1.0.0' ],
493 silly audit   ms: [ '2.0.0', '2.1.3' ],
493 silly audit   inherits: [ '2.0.4' ],
493 silly audit   toidentifier: [ '1.0.1' ],
493 silly audit   'safer-buffer': [ '2.1.2' ],
493 silly audit   'mime-db': [ '1.52.0' ],
493 silly audit   'append-field': [ '1.0.0' ],
493 silly audit   busboy: [ '1.6.0' ],
493 silly audit   'concat-stream': [ '1.6.2' ],
493 silly audit   mkdirp: [ '0.5.6' ],
493 silly audit   xtend: [ '4.0.2' ],
493 silly audit   streamsearch: [ '1.1.0' ],
493 silly audit   'buffer-from': [ '1.1.2' ],
493 silly audit   'readable-stream': [ '2.3.8' ],
493 silly audit   typedarray: [ '0.0.6' ],
493 silly audit   minimist: [ '1.2.8' ],
493 silly audit   'ee-first': [ '1.1.1' ],
493 silly audit   forwarded: [ '0.2.0' ],
493 silly audit   'ipaddr.js': [ '1.9.1' ],
493 silly audit   'es-define-property': [ '1.0.1' ],
493 silly audit   'side-channel': [ '1.1.1' ],
493 silly audit   'core-util-is': [ '1.0.3' ],
493 silly audit   isarray: [ '1.0.0' ],
493 silly audit   'process-nextick-args': [ '2.0.1' ],
493 silly audit   string_decoder: [ '1.1.1' ],
493 silly audit   'util-deprecate': [ '1.0.2' ],
493 silly audit   mime: [ '1.6.0' ],
493 silly audit   'es-errors': [ '1.3.0' ],
493 silly audit   'object-inspect': [ '1.13.4' ],
493 silly audit   'side-channel-list': [ '1.0.1' ],
493 silly audit   'side-channel-map': [ '1.0.1' ],
493 silly audit   'side-channel-weakmap': [ '1.0.2' ],
493 silly audit   'call-bound': [ '1.0.4' ],
493 silly audit   'get-intrinsic': [ '1.3.0' ],
493 silly audit   'call-bind-apply-helpers': [ '1.0.2' ],
493 silly audit   'function-bind': [ '1.1.2' ],
493 silly audit   'es-object-atoms': [ '1.1.2' ],
493 silly audit   'get-proto': [ '1.0.1' ],
493 silly audit   gopd: [ '1.2.0' ],
493 silly audit   'has-symbols': [ '1.1.0' ],
493 silly audit   hasown: [ '2.0.4' ],
493 silly audit   'math-intrinsics': [ '1.1.0' ],
493 silly audit   'dunder-proto': [ '1.0.1' ],
493 silly audit   'media-typer': [ '0.3.0' ]
493 silly audit }
494 http cache media-typer@https://registry.npmjs.org/media-typer/-/media-typer-0.3.0.tgz 0ms (cache hit)
495 http cache dunder-proto@https://registry.npmjs.org/dunder-proto/-/dunder-proto-1.0.1.tgz 0ms (cache hit)
496 http cache math-intrinsics@https://registry.npmjs.org/math-intrinsics/-/math-intrinsics-1.1.0.tgz 0ms (cache hit)
497 http cache hasown@https://registry.npmjs.org/hasown/-/hasown-2.0.4.tgz 0ms (cache hit)
498 http cache gopd@https://registry.npmjs.org/gopd/-/gopd-1.2.0.tgz 0ms (cache hit)
499 http cache has-symbols@https://registry.npmjs.org/has-symbols/-/has-symbols-1.1.0.tgz 0ms (cache hit)
500 http cache get-proto@https://registry.npmjs.org/get-proto/-/get-proto-1.0.1.tgz 0ms (cache hit)
501 http cache es-object-atoms@https://registry.npmjs.org/es-object-atoms/-/es-object-atoms-1.1.2.tgz 0ms (cache hit)
502 http cache function-bind@https://registry.npmjs.org/function-bind/-/function-bind-1.1.2.tgz 1ms (cache hit)
503 http cache call-bind-apply-helpers@https://registry.npmjs.org/call-bind-apply-helpers/-/call-bind-apply-helpers-1.0.2.tgz 1ms (cache hit)
504 http cache get-intrinsic@https://registry.npmjs.org/get-intrinsic/-/get-intrinsic-1.3.0.tgz 0ms (cache hit)
505 http cache side-channel-weakmap@https://registry.npmjs.org/side-channel-weakmap/-/side-channel-weakmap-1.0.2.tgz 0ms (cache hit)
506 http cache call-bound@https://registry.npmjs.org/call-bound/-/call-bound-1.0.4.tgz 0ms (cache hit)
507 http cache side-channel-list@https://registry.npmjs.org/side-channel-list/-/side-channel-list-1.0.1.tgz 0ms (cache hit)
508 http cache side-channel-map@https://registry.npmjs.org/side-channel-map/-/side-channel-map-1.0.1.tgz 0ms (cache hit)
509 http cache object-inspect@https://registry.npmjs.org/object-inspect/-/object-inspect-1.13.4.tgz 1ms (cache hit)
510 http cache es-errors@https://registry.npmjs.org/es-errors/-/es-errors-1.3.0.tgz 0ms (cache hit)
511 http cache mime@https://registry.npmjs.org/mime/-/mime-1.6.0.tgz 0ms (cache hit)
512 http cache util-deprecate@https://registry.npmjs.org/util-deprecate/-/util-deprecate-1.0.2.tgz 0ms (cache hit)
513 http cache string_decoder@https://registry.npmjs.org/string_decoder/-/string_decoder-1.1.1.tgz 0ms (cache hit)
514 http cache process-nextick-args@https://registry.npmjs.org/process-nextick-args/-/process-nextick-args-2.0.1.tgz 0ms (cache hit)
515 http cache isarray@https://registry.npmjs.org/isarray/-/isarray-1.0.0.tgz 0ms (cache hit)
516 http cache core-util-is@https://registry.npmjs.org/core-util-is/-/core-util-is-1.0.3.tgz 0ms (cache hit)
517 http cache side-channel@https://registry.npmjs.org/side-channel/-/side-channel-1.1.1.tgz 0ms (cache hit)
518 http cache es-define-property@https://registry.npmjs.org/es-define-property/-/es-define-property-1.0.1.tgz 0ms (cache hit)
519 http cache ipaddr.js@https://registry.npmjs.org/ipaddr.js/-/ipaddr.js-1.9.1.tgz 1ms (cache hit)
520 http cache forwarded@https://registry.npmjs.org/forwarded/-/forwarded-0.2.0.tgz 0ms (cache hit)
521 http cache ee-first@https://registry.npmjs.org/ee-first/-/ee-first-1.1.1.tgz 0ms (cache hit)
522 http cache typedarray@https://registry.npmjs.org/typedarray/-/typedarray-0.0.6.tgz 0ms (cache hit)
523 http cache readable-stream@https://registry.npmjs.org/readable-stream/-/readable-stream-2.3.8.tgz 1ms (cache hit)
524 http cache buffer-from@https://registry.npmjs.org/buffer-from/-/buffer-from-1.1.2.tgz 0ms (cache hit)
525 http cache streamsearch@https://registry.npmjs.org/streamsearch/-/streamsearch-1.1.0.tgz 0ms (cache hit)
526 http cache xtend@https://registry.npmjs.org/xtend/-/xtend-4.0.2.tgz 0ms (cache hit)
527 http cache mkdirp@https://registry.npmjs.org/mkdirp/-/mkdirp-0.5.6.tgz 0ms (cache hit)
528 http cache minimist@https://registry.npmjs.org/minimist/-/minimist-1.2.8.tgz 0ms (cache hit)
529 http cache concat-stream@https://registry.npmjs.org/concat-stream/-/concat-stream-1.6.2.tgz 0ms (cache hit)
530 http cache busboy@https://registry.npmjs.org/busboy/-/busboy-1.6.0.tgz 0ms (cache hit)
531 http cache append-field@https://registry.npmjs.org/append-field/-/append-field-1.0.0.tgz 1ms (cache hit)
532 http cache mime-db@https://registry.npmjs.org/mime-db/-/mime-db-1.52.0.tgz 0ms (cache hit)
533 http cache safer-buffer@https://registry.npmjs.org/safer-buffer/-/safer-buffer-2.1.2.tgz 0ms (cache hit)
534 http cache toidentifier@https://registry.npmjs.org/toidentifier/-/toidentifier-1.0.1.tgz 0ms (cache hit)
535 http cache inherits@https://registry.npmjs.org/inherits/-/inherits-2.0.4.tgz 0ms (cache hit)
536 http cache unpipe@https://registry.npmjs.org/unpipe/-/unpipe-1.0.0.tgz 0ms (cache hit)
537 http cache raw-body@https://registry.npmjs.org/raw-body/-/raw-body-2.5.3.tgz 0ms (cache hit)
538 http cache ms@https://registry.npmjs.org/ms/-/ms-2.0.0.tgz 0ms (cache hit)
539 http cache iconv-lite@https://registry.npmjs.org/iconv-lite/-/iconv-lite-0.4.24.tgz 0ms (cache hit)
540 http cache destroy@https://registry.npmjs.org/destroy/-/destroy-1.2.0.tgz 1ms (cache hit)
541 http cache bytes@https://registry.npmjs.org/bytes/-/bytes-3.1.2.tgz 0ms (cache hit)
542 http cache mime-types@https://registry.npmjs.org/mime-types/-/mime-types-2.1.35.tgz 0ms (cache hit)
543 http cache utils-merge@https://registry.npmjs.org/utils-merge/-/utils-merge-1.0.1.tgz 0ms (cache hit)
544 http cache type-is@https://registry.npmjs.org/type-is/-/type-is-1.6.18.tgz 0ms (cache hit)
545 http cache negotiator@https://registry.npmjs.org/negotiator/-/negotiator-0.6.3.tgz 0ms (cache hit)
546 http cache statuses@https://registry.npmjs.org/statuses/-/statuses-2.0.2.tgz 0ms (cache hit)
547 http cache setprototypeof@https://registry.npmjs.org/setprototypeof/-/setprototypeof-1.2.0.tgz 0ms (cache hit)
548 http cache serve-static@https://registry.npmjs.org/serve-static/-/serve-static-1.16.3.tgz 0ms (cache hit)
549 http cache safe-buffer@https://registry.npmjs.org/safe-buffer/-/safe-buffer-5.2.1.tgz 0ms (cache hit)
550 http cache range-parser@https://registry.npmjs.org/range-parser/-/range-parser-1.2.1.tgz 0ms (cache hit)
551 http cache send@https://registry.npmjs.org/send/-/send-0.19.2.tgz 0ms (cache hit)
552 http cache qs@https://registry.npmjs.org/qs/-/qs-6.15.3.tgz 0ms (cache hit)
553 http cache proxy-addr@https://registry.npmjs.org/proxy-addr/-/proxy-addr-2.0.7.tgz 0ms (cache hit)
554 http cache path-to-regexp@https://registry.npmjs.org/path-to-regexp/-/path-to-regexp-0.1.13.tgz 0ms (cache hit)
555 http cache on-finished@https://registry.npmjs.org/on-finished/-/on-finished-2.4.1.tgz 0ms (cache hit)
556 http cache methods@https://registry.npmjs.org/methods/-/methods-1.1.2.tgz 0ms (cache hit)
557 http cache merge-descriptors@https://registry.npmjs.org/merge-descriptors/-/merge-descriptors-1.0.3.tgz 0ms (cache hit)
558 http cache parseurl@https://registry.npmjs.org/parseurl/-/parseurl-1.3.3.tgz 0ms (cache hit)
559 http cache http-errors@https://registry.npmjs.org/http-errors/-/http-errors-2.0.1.tgz 0ms (cache hit)
560 http cache fresh@https://registry.npmjs.org/fresh/-/fresh-0.5.2.tgz 1ms (cache hit)
561 http cache finalhandler@https://registry.npmjs.org/finalhandler/-/finalhandler-1.3.2.tgz 1ms (cache hit)
562 http cache escape-html@https://registry.npmjs.org/escape-html/-/escape-html-1.0.3.tgz 0ms (cache hit)
563 http cache encodeurl@https://registry.npmjs.org/encodeurl/-/encodeurl-2.0.0.tgz 0ms (cache hit)
564 http cache depd@https://registry.npmjs.org/depd/-/depd-2.0.0.tgz 0ms (cache hit)
565 http cache etag@https://registry.npmjs.org/etag/-/etag-1.8.1.tgz 0ms (cache hit)
566 http cache debug@https://registry.npmjs.org/debug/-/debug-2.6.9.tgz 1ms (cache hit)
567 http cache cookie-signature@https://registry.npmjs.org/cookie-signature/-/cookie-signature-1.0.7.tgz 0ms (cache hit)
568 http cache cookie@https://registry.npmjs.org/cookie/-/cookie-0.7.2.tgz 0ms (cache hit)
569 http cache content-disposition@https://registry.npmjs.org/content-disposition/-/content-disposition-0.5.4.tgz 0ms (cache hit)
570 http cache body-parser@https://registry.npmjs.org/body-parser/-/body-parser-1.20.6.tgz 0ms (cache hit)
571 http cache content-type@https://registry.npmjs.org/content-type/-/content-type-1.0.5.tgz 0ms (cache hit)
572 http cache array-flatten@https://registry.npmjs.org/array-flatten/-/array-flatten-1.1.1.tgz 0ms (cache hit)
573 http cache accepts@https://registry.npmjs.org/accepts/-/accepts-1.3.8.tgz 1ms (cache hit)
574 http cache vary@https://registry.npmjs.org/vary/-/vary-1.1.2.tgz 0ms (cache hit)
575 http cache object-assign@https://registry.npmjs.org/object-assign/-/object-assign-4.1.1.tgz 0ms (cache hit)
576 http cache uuid@https://registry.npmjs.org/uuid/-/uuid-9.0.1.tgz 0ms (cache hit)
577 http cache express@https://registry.npmjs.org/express/-/express-4.22.2.tgz 1ms (cache hit)
578 http cache multer@https://registry.npmjs.org/multer/-/multer-1.4.5-lts.2.tgz 0ms (cache hit)
579 http cache cors@https://registry.npmjs.org/cors/-/cors-2.8.6.tgz 0ms (cache hit)
580 http cache safe-buffer@https://registry.npmjs.org/safe-buffer/-/safe-buffer-5.1.2.tgz 0ms (cache hit)
581 http cache safe-buffer@https://registry.npmjs.org/safe-buffer/-/safe-buffer-5.1.2.tgz 0ms (cache hit)
582 http cache ms@https://registry.npmjs.org/ms/-/ms-2.1.3.tgz 0ms (cache hit)
583 http fetch POST 200 https://registry.npmjs.org/-/npm/v1/security/advisories/bulk 4125ms
584 silly audit report {
584 silly audit report   uuid: [
584 silly audit report     {
584 silly audit report       id: 1119441,
584 silly audit report       url: 'https://github.com/advisories/GHSA-w5hq-g745-h8pq',
584 silly audit report       title: 'uuid: Missing buffer bounds check in v3/v5/v6 when buf is provided',
584 silly audit report       severity: 'moderate',
584 silly audit report       vulnerable_versions: '<11.1.1',
584 silly audit report       cwe: [Array],
584 silly audit report       cvss: [Object]
584 silly audit report     }
584 silly audit report   ]
584 silly audit report }
585 silly packumentCache corgi:https://registry.npmjs.org/uuid cache-miss
586 warn deprecated multer@1.4.5-lts.2: Multer 1.x is impacted by a number of vulnerabilities, which have been patched in 2.x. You should upgrade to the latest 2.x version.
587 http cache https://registry.npmjs.org/uuid 279ms (cache hit)
588 silly packumentCache corgi:https://registry.npmjs.org/uuid set size:82973 disposed:false
589 warn deprecated uuid@9.0.1: uuid@10 and below is no longer supported.  For ESM codebases, update to uuid@latest.  For CommonJS codebases, use uuid@11 (but be aware this version will likely be deprecated in 2028).
590 silly ADD node_modules/media-typer
591 silly ADD node_modules/dunder-proto
592 silly ADD node_modules/math-intrinsics
593 silly ADD node_modules/hasown
594 silly ADD node_modules/has-symbols
595 silly ADD node_modules/gopd
596 silly ADD node_modules/get-proto
597 silly ADD node_modules/es-object-atoms
598 silly ADD node_modules/function-bind
599 silly ADD node_modules/call-bind-apply-helpers
600 silly ADD node_modules/get-intrinsic
601 silly ADD node_modules/call-bound
602 silly ADD node_modules/side-channel-weakmap
603 silly ADD node_modules/side-channel-map
604 silly ADD node_modules/side-channel-list
605 silly ADD node_modules/object-inspect
606 silly ADD node_modules/es-errors
607 silly ADD node_modules/mime
608 silly ADD node_modules/util-deprecate
609 silly ADD node_modules/string_decoder
610 silly ADD node_modules/string_decoder/node_modules/safe-buffer
611 silly ADD node_modules/process-nextick-args
612 silly ADD node_modules/isarray
613 silly ADD node_modules/core-util-is
614 silly ADD node_modules/side-channel
615 silly ADD node_modules/es-define-property
616 silly ADD node_modules/ipaddr.js
617 silly ADD node_modules/forwarded
618 silly ADD node_modules/ee-first
619 silly ADD node_modules/minimist
620 silly ADD node_modules/typedarray
621 silly ADD node_modules/readable-stream
622 silly ADD node_modules/readable-stream/node_modules/safe-buffer
623 silly ADD node_modules/buffer-from
624 silly ADD node_modules/streamsearch
625 silly ADD node_modules/xtend
626 silly ADD node_modules/mkdirp
627 silly ADD node_modules/concat-stream
628 silly ADD node_modules/busboy
629 silly ADD node_modules/append-field
630 silly ADD node_modules/mime-db
631 silly ADD node_modules/safer-buffer
632 silly ADD node_modules/toidentifier
633 silly ADD node_modules/inherits
634 silly ADD node_modules/ms
635 silly ADD node_modules/unpipe
636 silly ADD node_modules/raw-body
637 silly ADD node_modules/iconv-lite
638 silly ADD node_modules/destroy
639 silly ADD node_modules/bytes
640 silly ADD node_modules/negotiator
641 silly ADD node_modules/mime-types
642 silly ADD node_modules/utils-merge
643 silly ADD node_modules/type-is
644 silly ADD node_modules/statuses
645 silly ADD node_modules/setprototypeof
646 silly ADD node_modules/serve-static
647 silly ADD node_modules/send
648 silly ADD node_modules/send/node_modules/ms
649 silly ADD node_modules/safe-buffer
650 silly ADD node_modules/range-parser
651 silly ADD node_modules/qs
652 silly ADD node_modules/proxy-addr
653 silly ADD node_modules/path-to-regexp
654 silly ADD node_modules/parseurl
655 silly ADD node_modules/on-finished
656 silly ADD node_modules/methods
657 silly ADD node_modules/merge-descriptors
658 silly ADD node_modules/http-errors
659 silly ADD node_modules/fresh
660 silly ADD node_modules/finalhandler
661 silly ADD node_modules/etag
662 silly ADD node_modules/escape-html
663 silly ADD node_modules/encodeurl
664 silly ADD node_modules/depd
665 silly ADD node_modules/debug
666 silly ADD node_modules/cookie-signature
667 silly ADD node_modules/cookie
668 silly ADD node_modules/content-type
669 silly ADD node_modules/content-disposition
670 silly ADD node_modules/body-parser
671 silly ADD node_modules/array-flatten
672 silly ADD node_modules/accepts
673 silly ADD node_modules/vary
674 silly ADD node_modules/object-assign
675 silly ADD node_modules/uuid
676 silly ADD node_modules/multer
677 silly ADD node_modules/express
678 silly ADD node_modules/cors
679 verbose cwd /data/data/com.termux/files/home/tarar-website
680 verbose os Linux 4.19.191-ge99ecb35a433-dirty
681 verbose node v26.3.1
682 verbose npm  v11.17.0
683 verbose exit 0
684 info ok
