0 verbose cli /data/data/com.termux/files/usr/bin/node /data/data/com.termux/files/usr/bin/npm
1 info using npm@11.17.0
2 info using node@v26.3.1
3 silly config load:file:/data/data/com.termux/files/usr/lib/node_modules/npm/npmrc
4 silly config load:file:/data/data/com.termux/files/home/tarar-website/.npmrc
5 silly config load:file:/data/data/com.termux/files/home/.npmrc
6 silly config load:file:/data/data/com.termux/files/usr/etc/npmrc
7 verbose title npm install
8 verbose argv "install"
9 verbose logfile logs-max:10 dir:/data/data/com.termux/files/home/.npm/_logs/2026-07-11T16_07_04_506Z-
10 verbose logfile /data/data/com.termux/files/home/.npm/_logs/2026-07-11T16_07_04_506Z-debug-0.log
11 silly logfile start cleaning logs, removing 1 files
12 silly logfile done cleaning log files
13 silly packumentCache heap:1099169792 maxSize:274792448 maxEntrySize:137396224
14 silly idealTree buildDeps
15 silly fetch manifest express@^4.19.2
16 silly packumentCache full:https://registry.npmjs.org/express cache-miss
17 http cache https://registry.npmjs.org/express 295ms (cache hit)
18 silly packumentCache full:https://registry.npmjs.org/express set size:804933 disposed:false
19 silly fetch manifest cors@^2.8.5
20 silly packumentCache full:https://registry.npmjs.org/cors cache-miss
21 http cache https://registry.npmjs.org/cors 132ms (cache hit)
22 silly packumentCache full:https://registry.npmjs.org/cors set size:77956 disposed:false
23 silly fetch manifest multer@^1.4.5-lts.1
24 silly packumentCache full:https://registry.npmjs.org/multer cache-miss
25 http cache https://registry.npmjs.org/multer 54ms (cache hit)
26 silly packumentCache full:https://registry.npmjs.org/multer set size:156441 disposed:false
27 silly fetch manifest uuid@^9.0.1
28 silly packumentCache full:https://registry.npmjs.org/uuid cache-miss
29 http cache https://registry.npmjs.org/uuid 89ms (cache hit)
30 silly packumentCache full:https://registry.npmjs.org/uuid set size:256419 disposed:false
31 silly placeDep ROOT cors@2.8.6 OK for: tarar-menswear-backend@1.0.0 want: ^2.8.5
32 silly placeDep ROOT express@4.22.2 OK for: tarar-menswear-backend@1.0.0 want: ^4.19.2
33 silly placeDep ROOT multer@1.4.5-lts.2 OK for: tarar-menswear-backend@1.0.0 want: ^1.4.5-lts.1
34 silly placeDep ROOT uuid@9.0.1 OK for: tarar-menswear-backend@1.0.0 want: ^9.0.1
35 silly fetch manifest object-assign@^4
36 silly packumentCache full:https://registry.npmjs.org/object-assign cache-miss
37 silly fetch manifest vary@^1
38 silly packumentCache full:https://registry.npmjs.org/vary cache-miss
39 http cache https://registry.npmjs.org/object-assign 88ms (cache hit)
40 silly packumentCache full:https://registry.npmjs.org/object-assign set size:28988 disposed:false
41 silly fetch manifest qs@~6.15.1
42 silly packumentCache full:https://registry.npmjs.org/qs cache-miss
43 http cache https://registry.npmjs.org/vary 109ms (cache hit)
44 silly packumentCache full:https://registry.npmjs.org/vary set size:15994 disposed:false
45 silly fetch manifest depd@2.0.0
46 silly packumentCache full:https://registry.npmjs.org/depd cache-miss
47 http cache https://registry.npmjs.org/qs 82ms (cache hit)
48 silly packumentCache full:https://registry.npmjs.org/qs set size:360318 disposed:false
49 silly fetch manifest etag@~1.8.1
50 silly packumentCache full:https://registry.npmjs.org/etag cache-miss
51 http cache https://registry.npmjs.org/depd 208ms (cache hit)
52 silly packumentCache full:https://registry.npmjs.org/depd set size:40182 disposed:false
53 silly fetch manifest send@~0.19.0
54 silly packumentCache full:https://registry.npmjs.org/send cache-miss
55 http cache https://registry.npmjs.org/etag 1212ms (cache hit)
56 silly packumentCache full:https://registry.npmjs.org/etag set size:30032 disposed:false
57 silly fetch manifest vary@~1.1.2
58 silly packumentCache full:https://registry.npmjs.org/vary cache-hit
59 silly fetch manifest debug@2.6.9
60 silly packumentCache full:https://registry.npmjs.org/debug cache-miss
61 http cache https://registry.npmjs.org/send 1181ms (cache hit)
62 silly packumentCache full:https://registry.npmjs.org/send set size:152810 disposed:false
63 silly fetch manifest fresh@~0.5.2
64 silly packumentCache full:https://registry.npmjs.org/fresh cache-miss
65 http cache https://registry.npmjs.org/debug 210ms (cache hit)
66 silly packumentCache full:https://registry.npmjs.org/debug set size:195840 disposed:false
67 silly fetch manifest cookie@~0.7.1
68 silly packumentCache full:https://registry.npmjs.org/cookie cache-miss
69 http cache https://registry.npmjs.org/fresh 192ms (cache hit)
70 silly packumentCache full:https://registry.npmjs.org/fresh set size:25427 disposed:false
71 silly fetch manifest accepts@~1.3.8
72 silly packumentCache full:https://registry.npmjs.org/accepts cache-miss
73 http cache https://registry.npmjs.org/cookie 119ms (cache hit)
74 silly packumentCache full:https://registry.npmjs.org/cookie set size:78274 disposed:false
75 silly fetch manifest methods@~1.1.2
76 silly packumentCache full:https://registry.npmjs.org/methods cache-miss
77 http cache https://registry.npmjs.org/accepts 154ms (cache hit)
78 silly packumentCache full:https://registry.npmjs.org/accepts set size:77054 disposed:false
79 silly fetch manifest type-is@~1.6.18
80 silly packumentCache full:https://registry.npmjs.org/type-is cache-miss
81 http cache https://registry.npmjs.org/methods 106ms (cache hit)
82 silly packumentCache full:https://registry.npmjs.org/methods set size:12600 disposed:false
83 silly fetch manifest parseurl@~1.3.3
84 silly packumentCache full:https://registry.npmjs.org/parseurl cache-miss
85 http cache https://registry.npmjs.org/type-is 103ms (cache hit)
86 silly packumentCache full:https://registry.npmjs.org/type-is set size:88614 disposed:false
87 silly fetch manifest statuses@~2.0.1
88 silly packumentCache full:https://registry.npmjs.org/statuses cache-miss
89 http cache https://registry.npmjs.org/parseurl 93ms (cache hit)
90 silly packumentCache full:https://registry.npmjs.org/parseurl set size:24148 disposed:false
91 silly fetch manifest encodeurl@~2.0.0
92 silly packumentCache full:https://registry.npmjs.org/encodeurl cache-miss
93 http cache https://registry.npmjs.org/statuses 83ms (cache hit)
94 silly packumentCache full:https://registry.npmjs.org/statuses set size:37117 disposed:false
95 silly fetch manifest proxy-addr@~2.0.7
96 silly packumentCache full:https://registry.npmjs.org/proxy-addr cache-miss
97 http cache https://registry.npmjs.org/encodeurl 101ms (cache hit)
98 silly packumentCache full:https://registry.npmjs.org/encodeurl set size:12296 disposed:false
99 silly fetch manifest body-parser@~1.20.5
100 silly packumentCache full:https://registry.npmjs.org/body-parser cache-miss
101 http cache https://registry.npmjs.org/proxy-addr 92ms (cache hit)
102 silly packumentCache full:https://registry.npmjs.org/proxy-addr set size:61619 disposed:false
103 silly fetch manifest escape-html@~1.0.3
104 silly packumentCache full:https://registry.npmjs.org/escape-html cache-miss
105 http cache https://registry.npmjs.org/body-parser 86ms (cache hit)
106 silly packumentCache full:https://registry.npmjs.org/body-parser set size:204544 disposed:false
107 silly fetch manifest http-errors@~2.0.0
108 silly packumentCache full:https://registry.npmjs.org/http-errors cache-miss
109 http cache https://registry.npmjs.org/escape-html 116ms (cache hit)
110 silly packumentCache full:https://registry.npmjs.org/escape-html set size:7345 disposed:false
111 silly fetch manifest on-finished@~2.4.1
112 silly packumentCache full:https://registry.npmjs.org/on-finished cache-miss
113 http cache https://registry.npmjs.org/http-errors 73ms (cache hit)
114 silly packumentCache full:https://registry.npmjs.org/http-errors set size:71987 disposed:false
115 silly fetch manifest safe-buffer@5.2.1
116 silly packumentCache full:https://registry.npmjs.org/safe-buffer cache-miss
117 http cache https://registry.npmjs.org/on-finished 79ms (cache hit)
118 silly packumentCache full:https://registry.npmjs.org/on-finished set size:23212 disposed:false
119 silly fetch manifest utils-merge@1.0.1
120 silly packumentCache full:https://registry.npmjs.org/utils-merge cache-miss
121 http cache https://registry.npmjs.org/safe-buffer 119ms (cache hit)
122 silly packumentCache full:https://registry.npmjs.org/safe-buffer set size:41183 disposed:false
123 silly fetch manifest content-type@~1.0.4
124 silly packumentCache full:https://registry.npmjs.org/content-type cache-miss
125 http cache https://registry.npmjs.org/utils-merge 118ms (cache hit)
126 silly packumentCache full:https://registry.npmjs.org/utils-merge set size:5237 disposed:false
127 silly fetch manifest finalhandler@~1.3.1
128 silly packumentCache full:https://registry.npmjs.org/finalhandler cache-miss
129 http cache https://registry.npmjs.org/content-type 68ms (cache hit)
130 silly packumentCache full:https://registry.npmjs.org/content-type set size:18994 disposed:false
131 silly fetch manifest range-parser@~1.2.1
132 silly packumentCache full:https://registry.npmjs.org/range-parser cache-miss
133 http cache https://registry.npmjs.org/finalhandler 51ms (cache hit)
134 silly packumentCache full:https://registry.npmjs.org/finalhandler set size:79291 disposed:false
135 silly fetch manifest serve-static@~1.16.2
136 silly packumentCache full:https://registry.npmjs.org/serve-static cache-miss
137 http cache https://registry.npmjs.org/range-parser 72ms (cache hit)
138 silly packumentCache full:https://registry.npmjs.org/range-parser set size:24852 disposed:false
139 silly fetch manifest array-flatten@1.1.1
140 silly packumentCache full:https://registry.npmjs.org/array-flatten cache-miss
141 http cache https://registry.npmjs.org/serve-static 60ms (cache hit)
142 silly packumentCache full:https://registry.npmjs.org/serve-static set size:150391 disposed:false
143 silly fetch manifest path-to-regexp@~0.1.12
144 silly packumentCache full:https://registry.npmjs.org/path-to-regexp cache-miss
145 http cache https://registry.npmjs.org/array-flatten 69ms (cache hit)
146 silly packumentCache full:https://registry.npmjs.org/array-flatten set size:24005 disposed:false
147 silly fetch manifest setprototypeof@1.2.0
148 silly packumentCache full:https://registry.npmjs.org/setprototypeof cache-miss
149 http cache https://registry.npmjs.org/path-to-regexp 51ms (cache hit)
150 silly packumentCache full:https://registry.npmjs.org/path-to-regexp set size:216334 disposed:false
151 silly fetch manifest cookie-signature@~1.0.6
152 silly packumentCache full:https://registry.npmjs.org/cookie-signature cache-miss
153 http cache https://registry.npmjs.org/setprototypeof 85ms (cache hit)
154 silly packumentCache full:https://registry.npmjs.org/setprototypeof set size:14532 disposed:false
155 silly fetch manifest merge-descriptors@1.0.3
156 silly packumentCache full:https://registry.npmjs.org/merge-descriptors cache-miss
157 http cache https://registry.npmjs.org/cookie-signature 59ms (cache hit)
158 silly packumentCache full:https://registry.npmjs.org/cookie-signature set size:21777 disposed:false
159 silly fetch manifest content-disposition@~0.5.4
160 silly packumentCache full:https://registry.npmjs.org/content-disposition cache-miss
161 http cache https://registry.npmjs.org/content-disposition 29ms (cache hit)
162 silly packumentCache full:https://registry.npmjs.org/content-disposition set size:42862 disposed:false
163 silly fetch manifest xtend@^4.0.0
164 silly packumentCache full:https://registry.npmjs.org/xtend cache-miss
165 http cache https://registry.npmjs.org/merge-descriptors 67ms (cache hit)
166 silly packumentCache full:https://registry.npmjs.org/merge-descriptors set size:16527 disposed:false
167 silly fetch manifest busboy@^1.0.0
168 silly packumentCache full:https://registry.npmjs.org/busboy cache-miss
169 http cache https://registry.npmjs.org/xtend 47ms (cache hit)
170 silly packumentCache full:https://registry.npmjs.org/xtend set size:28314 disposed:false
171 silly fetch manifest mkdirp@^0.5.4
172 silly packumentCache full:https://registry.npmjs.org/mkdirp cache-miss
173 http cache https://registry.npmjs.org/busboy 54ms (cache hit)
174 silly packumentCache full:https://registry.npmjs.org/busboy set size:78901 disposed:false
175 silly fetch manifest type-is@^1.6.4
176 silly packumentCache full:https://registry.npmjs.org/type-is cache-hit
177 silly fetch manifest append-field@^1.0.0
178 silly packumentCache full:https://registry.npmjs.org/append-field cache-miss
179 http cache https://registry.npmjs.org/mkdirp 71ms (cache hit)
180 silly packumentCache full:https://registry.npmjs.org/mkdirp set size:116431 disposed:false
181 silly fetch manifest concat-stream@^1.5.2
182 silly packumentCache full:https://registry.npmjs.org/concat-stream cache-miss
183 http cache https://registry.npmjs.org/append-field 64ms (cache hit)
184 silly packumentCache full:https://registry.npmjs.org/append-field set size:7798 disposed:false
185 silly fetch manifest object-assign@^4.1.1
186 silly packumentCache full:https://registry.npmjs.org/object-assign cache-hit
187 http cache https://registry.npmjs.org/concat-stream 41ms (cache hit)
188 silly packumentCache full:https://registry.npmjs.org/concat-stream set size:63783 disposed:false
189 silly placeDep ROOT object-assign@4.1.1 OK for: cors@2.8.6 want: ^4
190 silly placeDep ROOT vary@1.1.2 OK for: cors@2.8.6 want: ^1
191 silly placeDep ROOT accepts@1.3.8 OK for: express@4.22.2 want: ~1.3.8
192 silly placeDep ROOT array-flatten@1.1.1 OK for: express@4.22.2 want: 1.1.1
193 silly placeDep ROOT body-parser@1.20.6 OK for: express@4.22.2 want: ~1.20.5
194 silly placeDep ROOT content-disposition@0.5.4 OK for: express@4.22.2 want: ~0.5.4
195 silly placeDep ROOT content-type@1.0.5 OK for: express@4.22.2 want: ~1.0.4
196 silly placeDep ROOT cookie@0.7.2 OK for: express@4.22.2 want: ~0.7.1
197 silly placeDep ROOT cookie-signature@1.0.7 OK for: express@4.22.2 want: ~1.0.6
198 silly placeDep ROOT debug@2.6.9 OK for: express@4.22.2 want: 2.6.9
199 silly placeDep ROOT depd@2.0.0 OK for: express@4.22.2 want: 2.0.0
200 silly placeDep ROOT encodeurl@2.0.0 OK for: express@4.22.2 want: ~2.0.0
201 silly placeDep ROOT escape-html@1.0.3 OK for: express@4.22.2 want: ~1.0.3
202 silly placeDep ROOT etag@1.8.1 OK for: express@4.22.2 want: ~1.8.1
203 silly placeDep ROOT finalhandler@1.3.2 OK for: express@4.22.2 want: ~1.3.1
204 silly placeDep ROOT fresh@0.5.2 OK for: express@4.22.2 want: ~0.5.2
205 silly placeDep ROOT http-errors@2.0.1 OK for: express@4.22.2 want: ~2.0.0
206 silly placeDep ROOT merge-descriptors@1.0.3 OK for: express@4.22.2 want: 1.0.3
207 silly placeDep ROOT methods@1.1.2 OK for: express@4.22.2 want: ~1.1.2
208 silly placeDep ROOT on-finished@2.4.1 OK for: express@4.22.2 want: ~2.4.1
209 silly placeDep ROOT parseurl@1.3.3 OK for: express@4.22.2 want: ~1.3.3
210 silly placeDep ROOT path-to-regexp@0.1.13 OK for: express@4.22.2 want: ~0.1.12
211 silly placeDep ROOT proxy-addr@2.0.7 OK for: express@4.22.2 want: ~2.0.7
212 silly placeDep ROOT qs@6.15.3 OK for: express@4.22.2 want: ~6.15.1
213 silly placeDep ROOT range-parser@1.2.1 OK for: express@4.22.2 want: ~1.2.1
214 silly placeDep ROOT safe-buffer@5.2.1 OK for: express@4.22.2 want: 5.2.1
215 silly placeDep ROOT send@0.19.2 OK for: express@4.22.2 want: ~0.19.0
216 silly placeDep ROOT serve-static@1.16.3 OK for: express@4.22.2 want: ~1.16.2
217 silly placeDep ROOT setprototypeof@1.2.0 OK for: express@4.22.2 want: 1.2.0
218 silly placeDep ROOT statuses@2.0.2 OK for: express@4.22.2 want: ~2.0.1
219 silly placeDep ROOT type-is@1.6.18 OK for: express@4.22.2 want: ~1.6.18
220 silly placeDep ROOT utils-merge@1.0.1 OK for: express@4.22.2 want: 1.0.1
221 silly fetch manifest mime-types@~2.1.34
222 silly packumentCache full:https://registry.npmjs.org/mime-types cache-miss
223 silly fetch manifest negotiator@0.6.3
224 silly packumentCache full:https://registry.npmjs.org/negotiator cache-miss
225 http cache https://registry.npmjs.org/negotiator 84ms (cache hit)
226 silly packumentCache full:https://registry.npmjs.org/negotiator set size:48046 disposed:false
227 silly fetch manifest bytes@~3.1.2
228 silly packumentCache full:https://registry.npmjs.org/bytes cache-miss
229 http cache https://registry.npmjs.org/mime-types 107ms (cache hit)
230 silly packumentCache full:https://registry.npmjs.org/mime-types set size:139110 disposed:false
231 silly fetch manifest content-type@~1.0.5
232 silly packumentCache full:https://registry.npmjs.org/content-type cache-hit
233 silly fetch manifest destroy@~1.2.0
234 silly packumentCache full:https://registry.npmjs.org/destroy cache-miss
235 http cache https://registry.npmjs.org/bytes 61ms (cache hit)
236 silly packumentCache full:https://registry.npmjs.org/bytes set size:37018 disposed:false
237 silly fetch manifest http-errors@~2.0.1
238 silly packumentCache full:https://registry.npmjs.org/http-errors cache-hit
239 silly fetch manifest iconv-lite@~0.4.24
240 silly packumentCache full:https://registry.npmjs.org/iconv-lite cache-miss
241 http cache https://registry.npmjs.org/destroy 53ms (cache hit)
242 silly packumentCache full:https://registry.npmjs.org/destroy set size:15738 disposed:false
243 silly fetch manifest raw-body@~2.5.3
244 silly packumentCache full:https://registry.npmjs.org/raw-body cache-miss
245 http cache https://registry.npmjs.org/iconv-lite 46ms (cache hit)
246 silly packumentCache full:https://registry.npmjs.org/iconv-lite set size:126478 disposed:false
247 silly fetch manifest unpipe@~1.0.0
248 silly packumentCache full:https://registry.npmjs.org/unpipe cache-miss
249 http cache https://registry.npmjs.org/raw-body 62ms (cache hit)
250 silly packumentCache full:https://registry.npmjs.org/raw-body set size:117822 disposed:false
251 silly fetch manifest ms@2.0.0
252 silly packumentCache full:https://registry.npmjs.org/ms cache-miss
253 http cache https://registry.npmjs.org/unpipe 53ms (cache hit)
254 silly packumentCache full:https://registry.npmjs.org/unpipe set size:3609 disposed:false
255 silly fetch manifest statuses@~2.0.2
256 silly packumentCache full:https://registry.npmjs.org/statuses cache-hit
257 silly fetch manifest inherits@~2.0.4
258 silly packumentCache full:https://registry.npmjs.org/inherits cache-miss
259 http cache https://registry.npmjs.org/ms 53ms (cache hit)
260 silly packumentCache full:https://registry.npmjs.org/ms set size:92208 disposed:false
261 silly fetch manifest setprototypeof@~1.2.0
262 silly packumentCache full:https://registry.npmjs.org/setprototypeof cache-hit
263 silly fetch manifest toidentifier@~1.0.1
264 silly packumentCache full:https://registry.npmjs.org/toidentifier cache-miss
265 http cache https://registry.npmjs.org/inherits 74ms (cache hit)
266 silly packumentCache full:https://registry.npmjs.org/inherits set size:12925 disposed:false
267 silly fetch manifest ee-first@1.1.1
268 silly packumentCache full:https://registry.npmjs.org/ee-first cache-miss
269 http cache https://registry.npmjs.org/toidentifier 58ms (cache hit)
270 silly packumentCache full:https://registry.npmjs.org/toidentifier set size:12006 disposed:false
271 silly fetch manifest forwarded@0.2.0
272 silly packumentCache full:https://registry.npmjs.org/forwarded cache-miss
273 http cache https://registry.npmjs.org/ee-first 49ms (cache hit)
274 silly packumentCache full:https://registry.npmjs.org/ee-first set size:15327 disposed:false
275 silly fetch manifest ipaddr.js@1.9.1
276 silly packumentCache full:https://registry.npmjs.org/ipaddr.js cache-miss
277 http cache https://registry.npmjs.org/forwarded 40ms (cache hit)
278 silly packumentCache full:https://registry.npmjs.org/forwarded set size:11229 disposed:false
279 silly fetch manifest side-channel@^1.1.1
280 silly packumentCache full:https://registry.npmjs.org/side-channel cache-miss
281 http cache https://registry.npmjs.org/ipaddr.js 42ms (cache hit)
282 silly packumentCache full:https://registry.npmjs.org/ipaddr.js set size:69549 disposed:false
283 silly fetch manifest es-define-property@^1.0.1
284 silly packumentCache full:https://registry.npmjs.org/es-define-property cache-miss
285 http cache https://registry.npmjs.org/side-channel 50ms (cache hit)
286 silly packumentCache full:https://registry.npmjs.org/side-channel set size:27650 disposed:false
287 silly fetch manifest ms@2.1.3
288 silly packumentCache full:https://registry.npmjs.org/ms cache-hit
289 silly fetch manifest mime@1.6.0
290 silly packumentCache full:https://registry.npmjs.org/mime cache-miss
291 http cache https://registry.npmjs.org/es-define-property 52ms (cache hit)
292 silly packumentCache full:https://registry.npmjs.org/es-define-property set size:8542 disposed:false
293 silly fetch manifest destroy@1.2.0
294 silly packumentCache full:https://registry.npmjs.org/destroy cache-hit
295 silly fetch manifest mime-types@~2.1.24
296 silly packumentCache full:https://registry.npmjs.org/mime-types cache-hit
297 silly fetch manifest media-typer@0.3.0
298 silly packumentCache full:https://registry.npmjs.org/media-typer cache-miss
299 http cache https://registry.npmjs.org/mime 62ms (cache hit)
300 silly packumentCache full:https://registry.npmjs.org/mime set size:119236 disposed:false
301 http cache https://registry.npmjs.org/media-typer 47ms (cache hit)
302 silly packumentCache full:https://registry.npmjs.org/media-typer set size:22678 disposed:false
303 silly placeDep ROOT mime-types@2.1.35 OK for: accepts@1.3.8 want: ~2.1.34
304 silly placeDep ROOT negotiator@0.6.3 OK for: accepts@1.3.8 want: 0.6.3
305 silly fetch manifest mime-db@1.52.0
306 silly packumentCache full:https://registry.npmjs.org/mime-db cache-miss
307 http cache https://registry.npmjs.org/mime-db 28ms (cache hit)
308 silly packumentCache full:https://registry.npmjs.org/mime-db set size:164953 disposed:false
309 silly placeDep ROOT bytes@3.1.2 OK for: body-parser@1.20.6 want: ~3.1.2
310 silly placeDep ROOT destroy@1.2.0 OK for: body-parser@1.20.6 want: ~1.2.0
311 silly placeDep ROOT iconv-lite@0.4.24 OK for: body-parser@1.20.6 want: ~0.4.24
312 silly placeDep ROOT raw-body@2.5.3 OK for: body-parser@1.20.6 want: ~2.5.3
313 silly placeDep ROOT unpipe@1.0.0 OK for: body-parser@1.20.6 want: ~1.0.0
314 silly fetch manifest safer-buffer@>= 2.1.2 < 3
315 silly packumentCache full:https://registry.npmjs.org/safer-buffer cache-miss
316 http cache https://registry.npmjs.org/safer-buffer 28ms (cache hit)
317 silly packumentCache full:https://registry.npmjs.org/safer-buffer set size:18521 disposed:false
318 silly placeDep ROOT ms@2.0.0 OK for: debug@2.6.9 want: 2.0.0
319 silly placeDep ROOT inherits@2.0.4 OK for: http-errors@2.0.1 want: ~2.0.4
320 silly placeDep ROOT toidentifier@1.0.1 OK for: http-errors@2.0.1 want: ~1.0.1
321 silly placeDep ROOT safer-buffer@2.1.2 OK for: iconv-lite@0.4.24 want: >= 2.1.2 < 3
322 silly placeDep ROOT mime-db@1.52.0 OK for: mime-types@2.1.35 want: 1.52.0
323 silly placeDep ROOT append-field@1.0.0 OK for: multer@1.4.5-lts.2 want: ^1.0.0
324 silly placeDep ROOT busboy@1.6.0 OK for: multer@1.4.5-lts.2 want: ^1.0.0
325 silly placeDep ROOT concat-stream@1.6.2 OK for: multer@1.4.5-lts.2 want: ^1.5.2
326 silly placeDep ROOT mkdirp@0.5.6 OK for: multer@1.4.5-lts.2 want: ^0.5.4
327 silly placeDep ROOT xtend@4.0.2 OK for: multer@1.4.5-lts.2 want: ^4.0.0
328 silly fetch manifest streamsearch@^1.1.0
329 silly packumentCache full:https://registry.npmjs.org/streamsearch cache-miss
330 silly fetch manifest buffer-from@^1.0.0
331 silly packumentCache full:https://registry.npmjs.org/buffer-from cache-miss
332 http cache https://registry.npmjs.org/streamsearch 49ms (cache hit)
333 silly packumentCache full:https://registry.npmjs.org/streamsearch set size:27372 disposed:false
334 silly fetch manifest readable-stream@^2.2.2
335 silly packumentCache full:https://registry.npmjs.org/readable-stream cache-miss
336 http cache https://registry.npmjs.org/buffer-from 62ms (cache hit)
337 silly packumentCache full:https://registry.npmjs.org/buffer-from set size:15463 disposed:false
338 silly fetch manifest typedarray@^0.0.6
339 silly packumentCache full:https://registry.npmjs.org/typedarray cache-miss
340 http cache https://registry.npmjs.org/typedarray 33ms (cache hit)
341 silly packumentCache full:https://registry.npmjs.org/typedarray set size:18469 disposed:false
342 silly fetch manifest minimist@^1.2.6
343 silly packumentCache full:https://registry.npmjs.org/minimist cache-miss
344 http cache https://registry.npmjs.org/readable-stream 64ms (cache hit)
345 silly packumentCache full:https://registry.npmjs.org/readable-stream set size:261096 disposed:false
346 http cache https://registry.npmjs.org/minimist 62ms (cache hit)
347 silly packumentCache full:https://registry.npmjs.org/minimist set size:77063 disposed:false
348 silly placeDep ROOT streamsearch@1.1.0 OK for: busboy@1.6.0 want: ^1.1.0
349 silly placeDep ROOT buffer-from@1.1.2 OK for: concat-stream@1.6.2 want: ^1.0.0
350 silly placeDep ROOT readable-stream@2.3.8 OK for: concat-stream@1.6.2 want: ^2.2.2
351 silly placeDep ROOT typedarray@0.0.6 OK for: concat-stream@1.6.2 want: ^0.0.6
352 silly fetch manifest isarray@~1.0.0
353 silly packumentCache full:https://registry.npmjs.org/isarray cache-miss
354 silly fetch manifest safe-buffer@~5.1.1
355 silly packumentCache full:https://registry.npmjs.org/safe-buffer cache-hit
356 silly fetch manifest core-util-is@~1.0.0
357 silly packumentCache full:https://registry.npmjs.org/core-util-is cache-miss
358 http cache https://registry.npmjs.org/isarray 35ms (cache hit)
359 silly packumentCache full:https://registry.npmjs.org/isarray set size:17392 disposed:false
360 silly fetch manifest string_decoder@~1.1.1
361 silly packumentCache full:https://registry.npmjs.org/string_decoder cache-miss
362 http cache https://registry.npmjs.org/core-util-is 40ms (cache hit)
363 silly packumentCache full:https://registry.npmjs.org/core-util-is set size:7163 disposed:false
364 silly fetch manifest util-deprecate@~1.0.1
365 silly packumentCache full:https://registry.npmjs.org/util-deprecate cache-miss
366 http cache https://registry.npmjs.org/string_decoder 35ms (cache hit)
367 silly packumentCache full:https://registry.npmjs.org/string_decoder set size:28441 disposed:false
368 silly fetch manifest process-nextick-args@~2.0.0
369 silly packumentCache full:https://registry.npmjs.org/process-nextick-args cache-miss
370 http cache https://registry.npmjs.org/util-deprecate 39ms (cache hit)
371 silly packumentCache full:https://registry.npmjs.org/util-deprecate set size:6674 disposed:false
372 http cache https://registry.npmjs.org/process-nextick-args 27ms (cache hit)
373 silly packumentCache full:https://registry.npmjs.org/process-nextick-args set size:15428 disposed:false
374 silly placeDep ROOT minimist@1.2.8 OK for: mkdirp@0.5.6 want: ^1.2.6
375 silly placeDep ROOT ee-first@1.1.1 OK for: on-finished@2.4.1 want: 1.1.1
376 silly placeDep ROOT forwarded@0.2.0 OK for: proxy-addr@2.0.7 want: 0.2.0
377 silly placeDep ROOT ipaddr.js@1.9.1 OK for: proxy-addr@2.0.7 want: 1.9.1
378 silly placeDep ROOT es-define-property@1.0.1 OK for: qs@6.15.3 want: ^1.0.1
379 silly placeDep ROOT side-channel@1.1.1 OK for: qs@6.15.3 want: ^1.1.1
380 silly fetch manifest es-errors@^1.3.0
381 silly packumentCache full:https://registry.npmjs.org/es-errors cache-miss
382 silly fetch manifest object-inspect@^1.13.4
383 silly packumentCache full:https://registry.npmjs.org/object-inspect cache-miss
384 http cache https://registry.npmjs.org/object-inspect 30ms (cache hit)
385 silly packumentCache full:https://registry.npmjs.org/object-inspect set size:101912 disposed:false
386 silly fetch manifest side-channel-list@^1.0.1
387 silly packumentCache full:https://registry.npmjs.org/side-channel-list cache-miss
388 http cache https://registry.npmjs.org/es-errors 56ms (cache hit)
389 silly packumentCache full:https://registry.npmjs.org/es-errors set size:16918 disposed:false
390 silly fetch manifest side-channel-map@^1.0.1
391 silly packumentCache full:https://registry.npmjs.org/side-channel-map cache-miss
392 http cache https://registry.npmjs.org/side-channel-list 39ms (cache hit)
393 silly packumentCache full:https://registry.npmjs.org/side-channel-list set size:9021 disposed:false
394 silly fetch manifest side-channel-weakmap@^1.0.2
395 silly packumentCache full:https://registry.npmjs.org/side-channel-weakmap cache-miss
396 http cache https://registry.npmjs.org/side-channel-map 42ms (cache hit)
397 silly packumentCache full:https://registry.npmjs.org/side-channel-map set size:9126 disposed:false
398 http cache https://registry.npmjs.org/side-channel-weakmap 36ms (cache hit)
399 silly packumentCache full:https://registry.npmjs.org/side-channel-weakmap set size:12620 disposed:false
400 silly placeDep ROOT core-util-is@1.0.3 OK for: readable-stream@2.3.8 want: ~1.0.0
401 silly placeDep ROOT isarray@1.0.0 OK for: readable-stream@2.3.8 want: ~1.0.0
402 silly placeDep ROOT process-nextick-args@2.0.1 OK for: readable-stream@2.3.8 want: ~2.0.0
403 silly placeDep node_modules/readable-stream safe-buffer@5.1.2 OK for: readable-stream@2.3.8 want: ~5.1.1
404 silly placeDep ROOT string_decoder@1.1.1 OK for: readable-stream@2.3.8 want: ~1.1.1
405 silly placeDep ROOT util-deprecate@1.0.2 OK for: readable-stream@2.3.8 want: ~1.0.1
406 silly fetch manifest safe-buffer@~5.1.0
407 silly packumentCache full:https://registry.npmjs.org/safe-buffer cache-hit
408 silly placeDep ROOT mime@1.6.0 OK for: send@0.19.2 want: 1.6.0
409 silly placeDep node_modules/send ms@2.1.3 OK for: send@0.19.2 want: 2.1.3
410 silly placeDep ROOT es-errors@1.3.0 OK for: side-channel@1.1.1 want: ^1.3.0
411 silly placeDep ROOT object-inspect@1.13.4 OK for: side-channel@1.1.1 want: ^1.13.4
412 silly placeDep ROOT side-channel-list@1.0.1 OK for: side-channel@1.1.1 want: ^1.0.1
413 silly placeDep ROOT side-channel-map@1.0.1 OK for: side-channel@1.1.1 want: ^1.0.1
414 silly placeDep ROOT side-channel-weakmap@1.0.2 OK for: side-channel@1.1.1 want: ^1.0.2
415 silly fetch manifest call-bound@^1.0.2
416 silly packumentCache full:https://registry.npmjs.org/call-bound cache-miss
417 silly fetch manifest get-intrinsic@^1.2.5
418 silly packumentCache full:https://registry.npmjs.org/get-intrinsic cache-miss
419 http cache https://registry.npmjs.org/get-intrinsic 74ms (cache hit)
420 silly packumentCache full:https://registry.npmjs.org/get-intrinsic set size:60985 disposed:false
421 silly fetch manifest call-bound@^1.0.2
422 silly packumentCache full:https://registry.npmjs.org/call-bound cache-miss
423 http cache https://registry.npmjs.org/call-bound 94ms (cache hit)
424 silly packumentCache full:https://registry.npmjs.org/call-bound set size:15317 disposed:false
425 http cache https://registry.npmjs.org/call-bound 30ms (cache hit)
426 silly packumentCache full:https://registry.npmjs.org/call-bound set size:15317 disposed:false
427 silly packumentCache full:https://registry.npmjs.org/call-bound dispose
428 silly placeDep ROOT call-bound@1.0.4 OK for: side-channel-map@1.0.1 want: ^1.0.2
429 silly placeDep ROOT get-intrinsic@1.3.0 OK for: side-channel-map@1.0.1 want: ^1.2.5
430 silly fetch manifest call-bind-apply-helpers@^1.0.2
431 silly packumentCache full:https://registry.npmjs.org/call-bind-apply-helpers cache-miss
432 silly fetch manifest get-intrinsic@^1.3.0
433 silly packumentCache full:https://registry.npmjs.org/get-intrinsic cache-hit
434 silly fetch manifest gopd@^1.2.0
435 silly packumentCache full:https://registry.npmjs.org/gopd cache-miss
436 http cache https://registry.npmjs.org/call-bind-apply-helpers 42ms (cache hit)
437 silly packumentCache full:https://registry.npmjs.org/call-bind-apply-helpers set size:12744 disposed:false
438 silly fetch manifest hasown@^2.0.2
439 silly packumentCache full:https://registry.npmjs.org/hasown cache-miss
440 http cache https://registry.npmjs.org/gopd 45ms (cache hit)
441 silly packumentCache full:https://registry.npmjs.org/gopd set size:11483 disposed:false
442 silly fetch manifest get-proto@^1.0.1
443 silly packumentCache full:https://registry.npmjs.org/get-proto cache-miss
444 http cache https://registry.npmjs.org/hasown 40ms (cache hit)
445 silly packumentCache full:https://registry.npmjs.org/hasown set size:18361 disposed:false
446 silly fetch manifest has-symbols@^1.1.0
447 silly packumentCache full:https://registry.npmjs.org/has-symbols cache-miss
448 http cache https://registry.npmjs.org/get-proto 43ms (cache hit)
449 silly packumentCache full:https://registry.npmjs.org/get-proto set size:8300 disposed:false
450 silly fetch manifest function-bind@^1.1.2
451 silly packumentCache full:https://registry.npmjs.org/function-bind cache-miss
452 http cache https://registry.npmjs.org/has-symbols 41ms (cache hit)
453 silly packumentCache full:https://registry.npmjs.org/has-symbols set size:21550 disposed:false
454 silly fetch manifest es-object-atoms@^1.1.1
455 silly packumentCache full:https://registry.npmjs.org/es-object-atoms cache-miss
456 http cache https://registry.npmjs.org/function-bind 39ms (cache hit)
457 silly packumentCache full:https://registry.npmjs.org/function-bind set size:15733 disposed:false
458 silly fetch manifest math-intrinsics@^1.1.0
459 silly packumentCache full:https://registry.npmjs.org/math-intrinsics cache-miss
460 http cache https://registry.npmjs.org/es-object-atoms 37ms (cache hit)
461 silly packumentCache full:https://registry.npmjs.org/es-object-atoms set size:18278 disposed:false
462 http cache https://registry.npmjs.org/math-intrinsics 35ms (cache hit)
463 silly packumentCache full:https://registry.npmjs.org/math-intrinsics set size:9265 disposed:false
464 silly placeDep ROOT call-bind-apply-helpers@1.0.2 OK for: call-bound@1.0.4 want: ^1.0.2
465 silly placeDep ROOT function-bind@1.1.2 OK for: call-bind-apply-helpers@1.0.2 want: ^1.1.2
466 silly placeDep ROOT es-object-atoms@1.1.2 OK for: get-intrinsic@1.3.0 want: ^1.1.1
467 silly placeDep ROOT get-proto@1.0.1 OK for: get-intrinsic@1.3.0 want: ^1.0.1
468 silly placeDep ROOT gopd@1.2.0 OK for: get-intrinsic@1.3.0 want: ^1.2.0
469 silly placeDep ROOT has-symbols@1.1.0 OK for: get-intrinsic@1.3.0 want: ^1.1.0
470 silly placeDep ROOT hasown@2.0.4 OK for: get-intrinsic@1.3.0 want: ^2.0.2
471 silly placeDep ROOT math-intrinsics@1.1.0 OK for: get-intrinsic@1.3.0 want: ^1.1.0
472 silly fetch manifest dunder-proto@^1.0.1
473 silly packumentCache full:https://registry.npmjs.org/dunder-proto cache-miss
474 http cache https://registry.npmjs.org/dunder-proto 24ms (cache hit)
475 silly packumentCache full:https://registry.npmjs.org/dunder-proto set size:8256 disposed:false
476 silly placeDep ROOT dunder-proto@1.0.1 OK for: get-proto@1.0.1 want: ^1.0.1
477 silly placeDep node_modules/string_decoder safe-buffer@5.1.2 OK for: string_decoder@1.1.1 want: ~5.1.0
478 silly placeDep ROOT media-typer@0.3.0 OK for: type-is@1.6.18 want: 0.3.0
479 silly reify moves {}
480 silly audit bulk request {
480 silly audit   cors: [ '2.8.6' ],
480 silly audit   express: [ '4.22.2' ],
480 silly audit   multer: [ '1.4.5-lts.2' ],
480 silly audit   uuid: [ '9.0.1' ],
480 silly audit   'object-assign': [ '4.1.1' ],
480 silly audit   vary: [ '1.1.2' ],
480 silly audit   accepts: [ '1.3.8' ],
480 silly audit   'array-flatten': [ '1.1.1' ],
480 silly audit   'body-parser': [ '1.20.6' ],
480 silly audit   'content-disposition': [ '0.5.4' ],
480 silly audit   'content-type': [ '1.0.5' ],
480 silly audit   cookie: [ '0.7.2' ],
480 silly audit   'cookie-signature': [ '1.0.7' ],
480 silly audit   debug: [ '2.6.9' ],
480 silly audit   depd: [ '2.0.0' ],
480 silly audit   encodeurl: [ '2.0.0' ],
480 silly audit   'escape-html': [ '1.0.3' ],
480 silly audit   etag: [ '1.8.1' ],
480 silly audit   finalhandler: [ '1.3.2' ],
480 silly audit   fresh: [ '0.5.2' ],
480 silly audit   'http-errors': [ '2.0.1' ],
480 silly audit   'merge-descriptors': [ '1.0.3' ],
480 silly audit   methods: [ '1.1.2' ],
480 silly audit   'on-finished': [ '2.4.1' ],
480 silly audit   parseurl: [ '1.3.3' ],
480 silly audit   'path-to-regexp': [ '0.1.13' ],
480 silly audit   'proxy-addr': [ '2.0.7' ],
480 silly audit   qs: [ '6.15.3' ],
480 silly audit   'range-parser': [ '1.2.1' ],
480 silly audit   'safe-buffer': [ '5.2.1', '5.1.2' ],
480 silly audit   send: [ '0.19.2' ],
480 silly audit   'serve-static': [ '1.16.3' ],
480 silly audit   setprototypeof: [ '1.2.0' ],
480 silly audit   statuses: [ '2.0.2' ],
480 silly audit   'type-is': [ '1.6.18' ],
480 silly audit   'utils-merge': [ '1.0.1' ],
480 silly audit   'mime-types': [ '2.1.35' ],
480 silly audit   negotiator: [ '0.6.3' ],
480 silly audit   bytes: [ '3.1.2' ],
480 silly audit   destroy: [ '1.2.0' ],
480 silly audit   'iconv-lite': [ '0.4.24' ],
480 silly audit   'raw-body': [ '2.5.3' ],
480 silly audit   unpipe: [ '1.0.0' ],
480 silly audit   ms: [ '2.0.0', '2.1.3' ],
480 silly audit   inherits: [ '2.0.4' ],
480 silly audit   toidentifier: [ '1.0.1' ],
480 silly audit   'safer-buffer': [ '2.1.2' ],
480 silly audit   'mime-db': [ '1.52.0' ],
480 silly audit   'append-field': [ '1.0.0' ],
480 silly audit   busboy: [ '1.6.0' ],
480 silly audit   'concat-stream': [ '1.6.2' ],
480 silly audit   mkdirp: [ '0.5.6' ],
480 silly audit   xtend: [ '4.0.2' ],
480 silly audit   streamsearch: [ '1.1.0' ],
480 silly audit   'buffer-from': [ '1.1.2' ],
480 silly audit   'readable-stream': [ '2.3.8' ],
480 silly audit   typedarray: [ '0.0.6' ],
480 silly audit   minimist: [ '1.2.8' ],
480 silly audit   'ee-first': [ '1.1.1' ],
480 silly audit   forwarded: [ '0.2.0' ],
480 silly audit   'ipaddr.js': [ '1.9.1' ],
480 silly audit   'es-define-property': [ '1.0.1' ],
480 silly audit   'side-channel': [ '1.1.1' ],
480 silly audit   'core-util-is': [ '1.0.3' ],
480 silly audit   isarray: [ '1.0.0' ],
480 silly audit   'process-nextick-args': [ '2.0.1' ],
480 silly audit   string_decoder: [ '1.1.1' ],
480 silly audit   'util-deprecate': [ '1.0.2' ],
480 silly audit   mime: [ '1.6.0' ],
480 silly audit   'es-errors': [ '1.3.0' ],
480 silly audit   'object-inspect': [ '1.13.4' ],
480 silly audit   'side-channel-list': [ '1.0.1' ],
480 silly audit   'side-channel-map': [ '1.0.1' ],
480 silly audit   'side-channel-weakmap': [ '1.0.2' ],
480 silly audit   'call-bound': [ '1.0.4' ],
480 silly audit   'get-intrinsic': [ '1.3.0' ],
480 silly audit   'call-bind-apply-helpers': [ '1.0.2' ],
480 silly audit   'function-bind': [ '1.1.2' ],
480 silly audit   'es-object-atoms': [ '1.1.2' ],
480 silly audit   'get-proto': [ '1.0.1' ],
480 silly audit   gopd: [ '1.2.0' ],
480 silly audit   'has-symbols': [ '1.1.0' ],
480 silly audit   hasown: [ '2.0.4' ],
480 silly audit   'math-intrinsics': [ '1.1.0' ],
480 silly audit   'dunder-proto': [ '1.0.1' ],
480 silly audit   'media-typer': [ '0.3.0' ]
480 silly audit }
481 http cache media-typer@https://registry.npmjs.org/media-typer/-/media-typer-0.3.0.tgz 0ms (cache hit)
482 http cache dunder-proto@https://registry.npmjs.org/dunder-proto/-/dunder-proto-1.0.1.tgz 1ms (cache hit)
483 http cache hasown@https://registry.npmjs.org/hasown/-/hasown-2.0.4.tgz 0ms (cache hit)
484 http cache math-intrinsics@https://registry.npmjs.org/math-intrinsics/-/math-intrinsics-1.1.0.tgz 0ms (cache hit)
485 http cache has-symbols@https://registry.npmjs.org/has-symbols/-/has-symbols-1.1.0.tgz 0ms (cache hit)
486 http cache gopd@https://registry.npmjs.org/gopd/-/gopd-1.2.0.tgz 0ms (cache hit)
487 http cache get-proto@https://registry.npmjs.org/get-proto/-/get-proto-1.0.1.tgz 0ms (cache hit)
488 http cache es-object-atoms@https://registry.npmjs.org/es-object-atoms/-/es-object-atoms-1.1.2.tgz 1ms (cache hit)
489 http cache function-bind@https://registry.npmjs.org/function-bind/-/function-bind-1.1.2.tgz 0ms (cache hit)
490 http cache call-bind-apply-helpers@https://registry.npmjs.org/call-bind-apply-helpers/-/call-bind-apply-helpers-1.0.2.tgz 1ms (cache hit)
491 http cache get-intrinsic@https://registry.npmjs.org/get-intrinsic/-/get-intrinsic-1.3.0.tgz 0ms (cache hit)
492 http cache call-bound@https://registry.npmjs.org/call-bound/-/call-bound-1.0.4.tgz 0ms (cache hit)
493 http cache side-channel-weakmap@https://registry.npmjs.org/side-channel-weakmap/-/side-channel-weakmap-1.0.2.tgz 0ms (cache hit)
494 http cache side-channel-map@https://registry.npmjs.org/side-channel-map/-/side-channel-map-1.0.1.tgz 0ms (cache hit)
495 http cache side-channel-list@https://registry.npmjs.org/side-channel-list/-/side-channel-list-1.0.1.tgz 0ms (cache hit)
496 http cache es-errors@https://registry.npmjs.org/es-errors/-/es-errors-1.3.0.tgz 0ms (cache hit)
497 http cache object-inspect@https://registry.npmjs.org/object-inspect/-/object-inspect-1.13.4.tgz 1ms (cache hit)
498 http cache util-deprecate@https://registry.npmjs.org/util-deprecate/-/util-deprecate-1.0.2.tgz 1ms (cache hit)
499 http cache string_decoder@https://registry.npmjs.org/string_decoder/-/string_decoder-1.1.1.tgz 1ms (cache hit)
500 http cache process-nextick-args@https://registry.npmjs.org/process-nextick-args/-/process-nextick-args-2.0.1.tgz 1ms (cache hit)
501 http cache isarray@https://registry.npmjs.org/isarray/-/isarray-1.0.0.tgz 0ms (cache hit)
502 http cache mime@https://registry.npmjs.org/mime/-/mime-1.6.0.tgz 0ms (cache hit)
503 http cache core-util-is@https://registry.npmjs.org/core-util-is/-/core-util-is-1.0.3.tgz 0ms (cache hit)
504 http cache side-channel@https://registry.npmjs.org/side-channel/-/side-channel-1.1.1.tgz 0ms (cache hit)
505 http cache ipaddr.js@https://registry.npmjs.org/ipaddr.js/-/ipaddr.js-1.9.1.tgz 1ms (cache hit)
506 http cache es-define-property@https://registry.npmjs.org/es-define-property/-/es-define-property-1.0.1.tgz 0ms (cache hit)
507 http cache ee-first@https://registry.npmjs.org/ee-first/-/ee-first-1.1.1.tgz 0ms (cache hit)
508 http cache forwarded@https://registry.npmjs.org/forwarded/-/forwarded-0.2.0.tgz 1ms (cache hit)
509 http cache typedarray@https://registry.npmjs.org/typedarray/-/typedarray-0.0.6.tgz 0ms (cache hit)
510 http cache readable-stream@https://registry.npmjs.org/readable-stream/-/readable-stream-2.3.8.tgz 0ms (cache hit)
511 http cache minimist@https://registry.npmjs.org/minimist/-/minimist-1.2.8.tgz 0ms (cache hit)
512 http cache buffer-from@https://registry.npmjs.org/buffer-from/-/buffer-from-1.1.2.tgz 0ms (cache hit)
513 http cache streamsearch@https://registry.npmjs.org/streamsearch/-/streamsearch-1.1.0.tgz 0ms (cache hit)
514 http cache xtend@https://registry.npmjs.org/xtend/-/xtend-4.0.2.tgz 0ms (cache hit)
515 http cache mkdirp@https://registry.npmjs.org/mkdirp/-/mkdirp-0.5.6.tgz 0ms (cache hit)
516 http cache concat-stream@https://registry.npmjs.org/concat-stream/-/concat-stream-1.6.2.tgz 0ms (cache hit)
517 http cache busboy@https://registry.npmjs.org/busboy/-/busboy-1.6.0.tgz 0ms (cache hit)
518 http cache append-field@https://registry.npmjs.org/append-field/-/append-field-1.0.0.tgz 0ms (cache hit)
519 http cache mime-db@https://registry.npmjs.org/mime-db/-/mime-db-1.52.0.tgz 0ms (cache hit)
520 http cache safer-buffer@https://registry.npmjs.org/safer-buffer/-/safer-buffer-2.1.2.tgz 0ms (cache hit)
521 http cache toidentifier@https://registry.npmjs.org/toidentifier/-/toidentifier-1.0.1.tgz 0ms (cache hit)
522 http cache inherits@https://registry.npmjs.org/inherits/-/inherits-2.0.4.tgz 0ms (cache hit)
523 http cache ms@https://registry.npmjs.org/ms/-/ms-2.0.0.tgz 0ms (cache hit)
524 http cache raw-body@https://registry.npmjs.org/raw-body/-/raw-body-2.5.3.tgz 0ms (cache hit)
525 http cache unpipe@https://registry.npmjs.org/unpipe/-/unpipe-1.0.0.tgz 0ms (cache hit)
526 http cache iconv-lite@https://registry.npmjs.org/iconv-lite/-/iconv-lite-0.4.24.tgz 0ms (cache hit)
527 http cache bytes@https://registry.npmjs.org/bytes/-/bytes-3.1.2.tgz 0ms (cache hit)
528 http cache destroy@https://registry.npmjs.org/destroy/-/destroy-1.2.0.tgz 0ms (cache hit)
529 http cache negotiator@https://registry.npmjs.org/negotiator/-/negotiator-0.6.3.tgz 1ms (cache hit)
530 http cache mime-types@https://registry.npmjs.org/mime-types/-/mime-types-2.1.35.tgz 0ms (cache hit)
531 http cache utils-merge@https://registry.npmjs.org/utils-merge/-/utils-merge-1.0.1.tgz 0ms (cache hit)
532 http cache type-is@https://registry.npmjs.org/type-is/-/type-is-1.6.18.tgz 0ms (cache hit)
533 http cache statuses@https://registry.npmjs.org/statuses/-/statuses-2.0.2.tgz 0ms (cache hit)
534 http cache setprototypeof@https://registry.npmjs.org/setprototypeof/-/setprototypeof-1.2.0.tgz 0ms (cache hit)
535 http cache serve-static@https://registry.npmjs.org/serve-static/-/serve-static-1.16.3.tgz 0ms (cache hit)
536 http cache send@https://registry.npmjs.org/send/-/send-0.19.2.tgz 0ms (cache hit)
537 http cache safe-buffer@https://registry.npmjs.org/safe-buffer/-/safe-buffer-5.2.1.tgz 0ms (cache hit)
538 http cache range-parser@https://registry.npmjs.org/range-parser/-/range-parser-1.2.1.tgz 0ms (cache hit)
539 http cache qs@https://registry.npmjs.org/qs/-/qs-6.15.3.tgz 0ms (cache hit)
540 http cache proxy-addr@https://registry.npmjs.org/proxy-addr/-/proxy-addr-2.0.7.tgz 1ms (cache hit)
541 http cache path-to-regexp@https://registry.npmjs.org/path-to-regexp/-/path-to-regexp-0.1.13.tgz 0ms (cache hit)
542 http cache on-finished@https://registry.npmjs.org/on-finished/-/on-finished-2.4.1.tgz 0ms (cache hit)
543 http cache parseurl@https://registry.npmjs.org/parseurl/-/parseurl-1.3.3.tgz 0ms (cache hit)
544 http cache methods@https://registry.npmjs.org/methods/-/methods-1.1.2.tgz 0ms (cache hit)
545 http cache merge-descriptors@https://registry.npmjs.org/merge-descriptors/-/merge-descriptors-1.0.3.tgz 0ms (cache hit)
546 http cache http-errors@https://registry.npmjs.org/http-errors/-/http-errors-2.0.1.tgz 0ms (cache hit)
547 http cache finalhandler@https://registry.npmjs.org/finalhandler/-/finalhandler-1.3.2.tgz 0ms (cache hit)
548 http cache fresh@https://registry.npmjs.org/fresh/-/fresh-0.5.2.tgz 0ms (cache hit)
549 http cache etag@https://registry.npmjs.org/etag/-/etag-1.8.1.tgz 0ms (cache hit)
550 http cache escape-html@https://registry.npmjs.org/escape-html/-/escape-html-1.0.3.tgz 0ms (cache hit)
551 http cache encodeurl@https://registry.npmjs.org/encodeurl/-/encodeurl-2.0.0.tgz 0ms (cache hit)
552 http cache depd@https://registry.npmjs.org/depd/-/depd-2.0.0.tgz 0ms (cache hit)
553 http cache debug@https://registry.npmjs.org/debug/-/debug-2.6.9.tgz 0ms (cache hit)
554 http cache cookie-signature@https://registry.npmjs.org/cookie-signature/-/cookie-signature-1.0.7.tgz 0ms (cache hit)
555 http cache cookie@https://registry.npmjs.org/cookie/-/cookie-0.7.2.tgz 0ms (cache hit)
556 http cache content-type@https://registry.npmjs.org/content-type/-/content-type-1.0.5.tgz 1ms (cache hit)
557 http cache content-disposition@https://registry.npmjs.org/content-disposition/-/content-disposition-0.5.4.tgz 1ms (cache hit)
558 http cache accepts@https://registry.npmjs.org/accepts/-/accepts-1.3.8.tgz 0ms (cache hit)
559 http cache body-parser@https://registry.npmjs.org/body-parser/-/body-parser-1.20.6.tgz 0ms (cache hit)
560 http cache array-flatten@https://registry.npmjs.org/array-flatten/-/array-flatten-1.1.1.tgz 0ms (cache hit)
561 http cache vary@https://registry.npmjs.org/vary/-/vary-1.1.2.tgz 0ms (cache hit)
562 http cache object-assign@https://registry.npmjs.org/object-assign/-/object-assign-4.1.1.tgz 0ms (cache hit)
563 http cache uuid@https://registry.npmjs.org/uuid/-/uuid-9.0.1.tgz 0ms (cache hit)
564 http cache multer@https://registry.npmjs.org/multer/-/multer-1.4.5-lts.2.tgz 0ms (cache hit)
565 http cache express@https://registry.npmjs.org/express/-/express-4.22.2.tgz 0ms (cache hit)
566 http cache cors@https://registry.npmjs.org/cors/-/cors-2.8.6.tgz 0ms (cache hit)
567 http cache safe-buffer@https://registry.npmjs.org/safe-buffer/-/safe-buffer-5.1.2.tgz 0ms (cache hit)
568 http cache safe-buffer@https://registry.npmjs.org/safe-buffer/-/safe-buffer-5.1.2.tgz 0ms (cache hit)
569 http cache ms@https://registry.npmjs.org/ms/-/ms-2.1.3.tgz 1ms (cache hit)
570 http fetch POST 200 https://registry.npmjs.org/-/npm/v1/security/advisories/bulk 2378ms
571 silly audit report {
571 silly audit report   uuid: [
571 silly audit report     {
571 silly audit report       id: 1119441,
571 silly audit report       url: 'https://github.com/advisories/GHSA-w5hq-g745-h8pq',
571 silly audit report       title: 'uuid: Missing buffer bounds check in v3/v5/v6 when buf is provided',
571 silly audit report       severity: 'moderate',
571 silly audit report       vulnerable_versions: '<11.1.1',
571 silly audit report       cwe: [Array],
571 silly audit report       cvss: [Object]
571 silly audit report     }
571 silly audit report   ]
571 silly audit report }
572 silly packumentCache corgi:https://registry.npmjs.org/uuid cache-miss
573 warn deprecated multer@1.4.5-lts.2: Multer 1.x is impacted by a number of vulnerabilities, which have been patched in 2.x. You should upgrade to the latest 2.x version.
574 http cache https://registry.npmjs.org/uuid 403ms (cache hit)
575 silly packumentCache corgi:https://registry.npmjs.org/uuid set size:82973 disposed:false
576 warn deprecated uuid@9.0.1: uuid@10 and below is no longer supported.  For ESM codebases, update to uuid@latest.  For CommonJS codebases, use uuid@11 (but be aware this version will likely be deprecated in 2028).
577 silly ADD node_modules/media-typer
578 silly ADD node_modules/dunder-proto
579 silly ADD node_modules/math-intrinsics
580 silly ADD node_modules/hasown
581 silly ADD node_modules/has-symbols
582 silly ADD node_modules/gopd
583 silly ADD node_modules/get-proto
584 silly ADD node_modules/es-object-atoms
585 silly ADD node_modules/function-bind
586 silly ADD node_modules/call-bind-apply-helpers
587 silly ADD node_modules/get-intrinsic
588 silly ADD node_modules/call-bound
589 silly ADD node_modules/side-channel-weakmap
590 silly ADD node_modules/side-channel-map
591 silly ADD node_modules/side-channel-list
592 silly ADD node_modules/object-inspect
593 silly ADD node_modules/es-errors
594 silly ADD node_modules/mime
595 silly ADD node_modules/util-deprecate
596 silly ADD node_modules/string_decoder
597 silly ADD node_modules/string_decoder/node_modules/safe-buffer
598 silly ADD node_modules/process-nextick-args
599 silly ADD node_modules/isarray
600 silly ADD node_modules/core-util-is
601 silly ADD node_modules/side-channel
602 silly ADD node_modules/es-define-property
603 silly ADD node_modules/ipaddr.js
604 silly ADD node_modules/forwarded
605 silly ADD node_modules/ee-first
606 silly ADD node_modules/minimist
607 silly ADD node_modules/typedarray
608 silly ADD node_modules/readable-stream
609 silly ADD node_modules/readable-stream/node_modules/safe-buffer
610 silly ADD node_modules/buffer-from
611 silly ADD node_modules/streamsearch
612 silly ADD node_modules/xtend
613 silly ADD node_modules/mkdirp
614 silly ADD node_modules/concat-stream
615 silly ADD node_modules/busboy
616 silly ADD node_modules/append-field
617 silly ADD node_modules/mime-db
618 silly ADD node_modules/safer-buffer
619 silly ADD node_modules/toidentifier
620 silly ADD node_modules/inherits
621 silly ADD node_modules/ms
622 silly ADD node_modules/unpipe
623 silly ADD node_modules/raw-body
624 silly ADD node_modules/iconv-lite
625 silly ADD node_modules/destroy
626 silly ADD node_modules/bytes
627 silly ADD node_modules/negotiator
628 silly ADD node_modules/mime-types
629 silly ADD node_modules/utils-merge
630 silly ADD node_modules/type-is
631 silly ADD node_modules/statuses
632 silly ADD node_modules/setprototypeof
633 silly ADD node_modules/serve-static
634 silly ADD node_modules/send
635 silly ADD node_modules/send/node_modules/ms
636 silly ADD node_modules/safe-buffer
637 silly ADD node_modules/range-parser
638 silly ADD node_modules/qs
639 silly ADD node_modules/proxy-addr
640 silly ADD node_modules/path-to-regexp
641 silly ADD node_modules/parseurl
642 silly ADD node_modules/on-finished
643 silly ADD node_modules/methods
644 silly ADD node_modules/merge-descriptors
645 silly ADD node_modules/http-errors
646 silly ADD node_modules/fresh
647 silly ADD node_modules/finalhandler
648 silly ADD node_modules/etag
649 silly ADD node_modules/escape-html
650 silly ADD node_modules/encodeurl
651 silly ADD node_modules/depd
652 silly ADD node_modules/debug
653 silly ADD node_modules/cookie-signature
654 silly ADD node_modules/cookie
655 silly ADD node_modules/content-type
656 silly ADD node_modules/content-disposition
657 silly ADD node_modules/body-parser
658 silly ADD node_modules/array-flatten
659 silly ADD node_modules/accepts
660 silly ADD node_modules/vary
661 silly ADD node_modules/object-assign
662 silly ADD node_modules/uuid
663 silly ADD node_modules/multer
664 silly ADD node_modules/express
665 silly ADD node_modules/cors
666 verbose cwd /data/data/com.termux/files/home/tarar-website
667 verbose os Linux 4.19.191-ge99ecb35a433-dirty
668 verbose node v26.3.1
669 verbose npm  v11.17.0
670 verbose exit 0
671 info ok
